

Started GET "/" for 127.0.0.1 at 2014-03-11 15:51:47 -0500

PG::ConnectionBad (FATAL:  database "rails_with_rspec_development" does not exist
):
  activerecord (4.0.2) lib/active_record/connection_adapters/postgresql_adapter.rb:831:in `initialize'
  activerecord (4.0.2) lib/active_record/connection_adapters/postgresql_adapter.rb:831:in `new'
  activerecord (4.0.2) lib/active_record/connection_adapters/postgresql_adapter.rb:831:in `connect'
  activerecord (4.0.2) lib/active_record/connection_adapters/postgresql_adapter.rb:548:in `initialize'
  activerecord (4.0.2) lib/active_record/connection_adapters/postgresql_adapter.rb:41:in `new'
  activerecord (4.0.2) lib/active_record/connection_adapters/postgresql_adapter.rb:41:in `postgresql_connection'
  activerecord (4.0.2) lib/active_record/connection_adapters/abstract/connection_pool.rb:440:in `new_connection'
  activerecord (4.0.2) lib/active_record/connection_adapters/abstract/connection_pool.rb:450:in `checkout_new_connection'
  activerecord (4.0.2) lib/active_record/connection_adapters/abstract/connection_pool.rb:421:in `acquire_connection'
  activerecord (4.0.2) lib/active_record/connection_adapters/abstract/connection_pool.rb:356:in `block in checkout'
  /Users/apprentice/.rbenv/versions/2.0.0-p353/lib/ruby/2.0.0/monitor.rb:211:in `mon_synchronize'
  activerecord (4.0.2) lib/active_record/connection_adapters/abstract/connection_pool.rb:355:in `checkout'
  activerecord (4.0.2) lib/active_record/connection_adapters/abstract/connection_pool.rb:265:in `block in connection'
  /Users/apprentice/.rbenv/versions/2.0.0-p353/lib/ruby/2.0.0/monitor.rb:211:in `mon_synchronize'
  activerecord (4.0.2) lib/active_record/connection_adapters/abstract/connection_pool.rb:264:in `connection'
  activerecord (4.0.2) lib/active_record/connection_adapters/abstract/connection_pool.rb:546:in `retrieve_connection'
  activerecord (4.0.2) lib/active_record/connection_handling.rb:79:in `retrieve_connection'
  activerecord (4.0.2) lib/active_record/connection_handling.rb:53:in `connection'
  activerecord (4.0.2) lib/active_record/migration.rb:792:in `current_version'
  activerecord (4.0.2) lib/active_record/migration.rb:800:in `needs_migration?'
  activerecord (4.0.2) lib/active_record/migration.rb:379:in `check_pending!'
  activerecord (4.0.2) lib/active_record/migration.rb:366:in `call'
  actionpack (4.0.2) lib/action_dispatch/middleware/callbacks.rb:29:in `block in call'
  activesupport (4.0.2) lib/active_support/callbacks.rb:373:in `_run__487745175923628654__call__callbacks'
  activesupport (4.0.2) lib/active_support/callbacks.rb:80:in `run_callbacks'
  actionpack (4.0.2) lib/action_dispatch/middleware/callbacks.rb:27:in `call'
  actionpack (4.0.2) lib/action_dispatch/middleware/reloader.rb:64:in `call'
  actionpack (4.0.2) lib/action_dispatch/middleware/remote_ip.rb:76:in `call'
  actionpack (4.0.2) lib/action_dispatch/middleware/debug_exceptions.rb:17:in `call'
  actionpack (4.0.2) lib/action_dispatch/middleware/show_exceptions.rb:30:in `call'
  railties (4.0.2) lib/rails/rack/logger.rb:38:in `call_app'
  railties (4.0.2) lib/rails/rack/logger.rb:20:in `block in call'
  activesupport (4.0.2) lib/active_support/tagged_logging.rb:67:in `block in tagged'
  activesupport (4.0.2) lib/active_support/tagged_logging.rb:25:in `tagged'
  activesupport (4.0.2) lib/active_support/tagged_logging.rb:67:in `tagged'
  railties (4.0.2) lib/rails/rack/logger.rb:20:in `call'
  actionpack (4.0.2) lib/action_dispatch/middleware/request_id.rb:21:in `call'
  rack (1.5.2) lib/rack/methodoverride.rb:21:in `call'
  rack (1.5.2) lib/rack/runtime.rb:17:in `call'
  activesupport (4.0.2) lib/active_support/cache/strategy/local_cache.rb:83:in `call'
  rack (1.5.2) lib/rack/lock.rb:17:in `call'
  actionpack (4.0.2) lib/action_dispatch/middleware/static.rb:64:in `call'
  rack (1.5.2) lib/rack/sendfile.rb:112:in `call'
  railties (4.0.2) lib/rails/engine.rb:511:in `call'
  railties (4.0.2) lib/rails/application.rb:97:in `call'
  rack (1.5.2) lib/rack/lock.rb:17:in `call'
  rack (1.5.2) lib/rack/content_length.rb:14:in `call'
  rack (1.5.2) lib/rack/handler/webrick.rb:60:in `service'
  /Users/apprentice/.rbenv/versions/2.0.0-p353/lib/ruby/2.0.0/webrick/httpserver.rb:138:in `service'
  /Users/apprentice/.rbenv/versions/2.0.0-p353/lib/ruby/2.0.0/webrick/httpserver.rb:94:in `run'
  /Users/apprentice/.rbenv/versions/2.0.0-p353/lib/ruby/2.0.0/webrick/server.rb:295:in `block in start_thread'


  Rendered /Users/apprentice/.rbenv/versions/2.0.0-p353/lib/ruby/gems/2.0.0/gems/actionpack-4.0.2/lib/action_dispatch/middleware/templates/rescues/_source.erb (0.9ms)
  Rendered /Users/apprentice/.rbenv/versions/2.0.0-p353/lib/ruby/gems/2.0.0/gems/actionpack-4.0.2/lib/action_dispatch/middleware/templates/rescues/_trace.erb (1.2ms)
  Rendered /Users/apprentice/.rbenv/versions/2.0.0-p353/lib/ruby/gems/2.0.0/gems/actionpack-4.0.2/lib/action_dispatch/middleware/templates/rescues/_request_and_response.erb (0.9ms)
  Rendered /Users/apprentice/.rbenv/versions/2.0.0-p353/lib/ruby/gems/2.0.0/gems/actionpack-4.0.2/lib/action_dispatch/middleware/templates/rescues/diagnostics.erb within rescues/layout (26.3ms)
  [1m[36m (2.5ms)[0m  [1mCREATE TABLE "schema_migrations" ("version" character varying(255) NOT NULL) [0m
  [1m[35m (1.4ms)[0m  CREATE UNIQUE INDEX "unique_schema_migrations" ON "schema_migrations" ("version")
  [1m[36mActiveRecord::SchemaMigration Load (0.4ms)[0m  [1mSELECT "schema_migrations".* FROM "schema_migrations"[0m
Migrating to CreatePosts (20140310201408)
  [1m[35m (0.1ms)[0m  BEGIN
  [1m[36m (3.7ms)[0m  [1mCREATE TABLE "posts" ("id" serial primary key, "slug" character varying(255), "title" character varying(255), "content" text, "is_published" boolean DEFAULT 'f', "created_at" timestamp, "updated_at" timestamp) [0m
  [1m[35mSQL (0.9ms)[0m  INSERT INTO "schema_migrations" ("version") VALUES ($1)  [["version", "20140310201408"]]
  [1m[36m (0.5ms)[0m  [1mCOMMIT[0m
  [1m[35mActiveRecord::SchemaMigration Load (0.3ms)[0m  SELECT "schema_migrations".* FROM "schema_migrations"


Started GET "/" for 127.0.0.1 at 2014-03-11 15:52:11 -0500
  [1m[36mActiveRecord::SchemaMigration Load (0.4ms)[0m  [1mSELECT "schema_migrations".* FROM "schema_migrations"[0m
Processing by HomeController#index as HTML
  [1m[35m (0.7ms)[0m  SELECT COUNT(count_column) FROM (SELECT 1 AS count_column FROM "posts" LIMIT 5) subquery_for_count
  Rendered home/index.html.erb within layouts/application (9.4ms)
Completed 200 OK in 556ms (Views: 542.2ms | ActiveRecord: 3.2ms)


Started GET "/assets/jquery_ujs.js?body=1" for 127.0.0.1 at 2014-03-11 15:52:12 -0500


Started GET "/assets/application.css?body=1" for 127.0.0.1 at 2014-03-11 15:52:12 -0500


Started GET "/assets/turbolinks.js?body=1" for 127.0.0.1 at 2014-03-11 15:52:12 -0500


Started GET "/assets/application.js?body=1" for 127.0.0.1 at 2014-03-11 15:52:12 -0500


Started GET "/assets/jquery.js?body=1" for 127.0.0.1 at 2014-03-11 15:52:12 -0500


Started GET "/posts" for 127.0.0.1 at 2014-03-11 15:52:14 -0500
Processing by PostsController#index as HTML
  [1m[36m (0.5ms)[0m  [1mSELECT COUNT(*) FROM "posts"[0m
  Rendered posts/index.html.erb within layouts/application (2.3ms)
Completed 200 OK in 10ms (Views: 7.0ms | ActiveRecord: 0.5ms)


Started GET "/" for 127.0.0.1 at 2014-03-11 15:53:49 -0500
Processing by HomeController#index as HTML
  [1m[35m (0.4ms)[0m  SELECT COUNT(count_column) FROM (SELECT 1 AS count_column FROM "posts" LIMIT 5) subquery_for_count
  Rendered home/index.html.erb within layouts/application (2.2ms)
Completed 200 OK in 7ms (Views: 5.3ms | ActiveRecord: 0.4ms)


Started GET "/assets/jquery.js?body=1" for 127.0.0.1 at 2014-03-11 15:53:49 -0500


Started GET "/assets/turbolinks.js?body=1" for 127.0.0.1 at 2014-03-11 15:53:49 -0500


Started GET "/assets/application.css?body=1" for 127.0.0.1 at 2014-03-11 15:53:49 -0500


Started GET "/assets/jquery_ujs.js?body=1" for 127.0.0.1 at 2014-03-11 15:53:49 -0500


Started GET "/assets/application.js?body=1" for 127.0.0.1 at 2014-03-11 15:53:49 -0500


Started GET "/" for 127.0.0.1 at 2014-03-11 15:54:16 -0500
Processing by HomeController#index as HTML
  [1m[36m (0.3ms)[0m  [1mSELECT COUNT(count_column) FROM (SELECT 1 AS count_column FROM "posts" LIMIT 5) subquery_for_count[0m
  Rendered home/index.html.erb within layouts/application (4.9ms)
Completed 200 OK in 10ms (Views: 5.9ms | ActiveRecord: 2.3ms)


Started GET "/assets/jquery_ujs.js?body=1" for 127.0.0.1 at 2014-03-11 15:54:16 -0500


Started GET "/assets/turbolinks.js?body=1" for 127.0.0.1 at 2014-03-11 15:54:16 -0500


Started GET "/assets/jquery.js?body=1" for 127.0.0.1 at 2014-03-11 15:54:16 -0500


Started GET "/assets/application.js?body=1" for 127.0.0.1 at 2014-03-11 15:54:16 -0500


Started GET "/assets/application.css?body=1" for 127.0.0.1 at 2014-03-11 15:54:16 -0500


Started GET "/" for 127.0.0.1 at 2014-03-11 15:54:17 -0500
Processing by HomeController#index as HTML
  [1m[35m (0.5ms)[0m  SELECT COUNT(count_column) FROM (SELECT 1 AS count_column FROM "posts" LIMIT 5) subquery_for_count
  Rendered home/index.html.erb within layouts/application (1.7ms)
Completed 200 OK in 6ms (Views: 5.0ms | ActiveRecord: 0.5ms)


Started GET "/assets/jquery_ujs.js?body=1" for 127.0.0.1 at 2014-03-11 15:54:17 -0500


Started GET "/assets/turbolinks.js?body=1" for 127.0.0.1 at 2014-03-11 15:54:17 -0500


Started GET "/assets/application.css?body=1" for 127.0.0.1 at 2014-03-11 15:54:17 -0500


Started GET "/assets/jquery.js?body=1" for 127.0.0.1 at 2014-03-11 15:54:17 -0500


Started GET "/assets/application.js?body=1" for 127.0.0.1 at 2014-03-11 15:54:17 -0500


Started GET "/posts" for 127.0.0.1 at 2014-03-11 15:54:18 -0500
Processing by PostsController#index as HTML
  [1m[36m (0.5ms)[0m  [1mSELECT COUNT(*) FROM "posts"[0m
  Rendered posts/index.html.erb within layouts/application (1.3ms)
Completed 200 OK in 8ms (Views: 6.3ms | ActiveRecord: 0.5ms)


Started GET "/posts" for 127.0.0.1 at 2014-03-11 15:54:21 -0500
Processing by PostsController#index as HTML
  [1m[35m (0.6ms)[0m  SELECT COUNT(*) FROM "posts"
  Rendered posts/index.html.erb within layouts/application (1.3ms)
Completed 200 OK in 42ms (Views: 41.0ms | ActiveRecord: 0.6ms)


Started GET "/" for 127.0.0.1 at 2014-03-11 15:54:58 -0500
Processing by HomeController#index as HTML
  [1m[36m (0.2ms)[0m  [1mSELECT COUNT(count_column) FROM (SELECT 1 AS count_column FROM "posts" LIMIT 5) subquery_for_count[0m
  Rendered home/index.html.erb within layouts/application (3.2ms)
Completed 200 OK in 9ms (Views: 4.8ms | ActiveRecord: 1.7ms)


Started GET "/assets/application.css?body=1" for 127.0.0.1 at 2014-03-11 15:54:58 -0500


Started GET "/assets/jquery.js?body=1" for 127.0.0.1 at 2014-03-11 15:54:58 -0500


Started GET "/assets/jquery_ujs.js?body=1" for 127.0.0.1 at 2014-03-11 15:54:58 -0500


Started GET "/assets/turbolinks.js?body=1" for 127.0.0.1 at 2014-03-11 15:54:58 -0500


Started GET "/assets/application.js?body=1" for 127.0.0.1 at 2014-03-11 15:54:58 -0500


Started GET "/" for 127.0.0.1 at 2014-03-11 15:54:59 -0500
Processing by HomeController#index as HTML
  [1m[35m (0.4ms)[0m  SELECT COUNT(count_column) FROM (SELECT 1 AS count_column FROM "posts" LIMIT 5) subquery_for_count
  Rendered home/index.html.erb within layouts/application (1.2ms)
Completed 200 OK in 6ms (Views: 4.3ms | ActiveRecord: 0.4ms)


Started GET "/assets/application.css?body=1" for 127.0.0.1 at 2014-03-11 15:54:59 -0500


Started GET "/assets/jquery.js?body=1" for 127.0.0.1 at 2014-03-11 15:54:59 -0500


Started GET "/assets/turbolinks.js?body=1" for 127.0.0.1 at 2014-03-11 15:54:59 -0500


Started GET "/assets/application.js?body=1" for 127.0.0.1 at 2014-03-11 15:54:59 -0500


Started GET "/assets/jquery_ujs.js?body=1" for 127.0.0.1 at 2014-03-11 15:54:59 -0500


Started GET "/" for 127.0.0.1 at 2014-03-11 15:58:21 -0500
Processing by HomeController#index as HTML
  [1m[36m (0.3ms)[0m  [1mSELECT COUNT(count_column) FROM (SELECT 1 AS count_column FROM "posts" LIMIT 5) subquery_for_count[0m
  Rendered home/index.html.erb within layouts/application (3.2ms)
Completed 200 OK in 9ms (Views: 5.2ms | ActiveRecord: 1.6ms)


Started GET "/assets/application.css?body=1" for 127.0.0.1 at 2014-03-11 15:58:21 -0500


Started GET "/assets/turbolinks.js?body=1" for 127.0.0.1 at 2014-03-11 15:58:21 -0500


Started GET "/assets/jquery.js?body=1" for 127.0.0.1 at 2014-03-11 15:58:21 -0500


Started GET "/assets/application.js?body=1" for 127.0.0.1 at 2014-03-11 15:58:21 -0500


Started GET "/assets/jquery_ujs.js?body=1" for 127.0.0.1 at 2014-03-11 15:58:21 -0500


Started GET "/posts" for 127.0.0.1 at 2014-03-11 15:58:22 -0500
Processing by PostsController#index as HTML
  [1m[35m (0.4ms)[0m  SELECT COUNT(*) FROM "posts"
  Rendered posts/index.html.erb within layouts/application (1.4ms)
Completed 200 OK in 8ms (Views: 6.5ms | ActiveRecord: 0.4ms)


Started GET "/" for 127.0.0.1 at 2014-03-11 15:58:24 -0500
Processing by HomeController#index as HTML
  [1m[36m (0.5ms)[0m  [1mSELECT COUNT(count_column) FROM (SELECT 1 AS count_column FROM "posts" LIMIT 5) subquery_for_count[0m
  Rendered home/index.html.erb within layouts/application (1.9ms)
Completed 200 OK in 6ms (Views: 4.5ms | ActiveRecord: 0.5ms)


Started GET "/assets/application.css?body=1" for 127.0.0.1 at 2014-03-11 15:58:24 -0500


Started GET "/assets/jquery_ujs.js?body=1" for 127.0.0.1 at 2014-03-11 15:58:24 -0500


Started GET "/assets/application.js?body=1" for 127.0.0.1 at 2014-03-11 15:58:24 -0500


Started GET "/assets/turbolinks.js?body=1" for 127.0.0.1 at 2014-03-11 15:58:24 -0500


Started GET "/assets/jquery.js?body=1" for 127.0.0.1 at 2014-03-11 15:58:24 -0500


Started GET "/" for 127.0.0.1 at 2014-03-11 15:59:29 -0500
Processing by HomeController#index as HTML
  [1m[35m (0.4ms)[0m  SELECT COUNT(count_column) FROM (SELECT 1 AS count_column FROM "posts" LIMIT 5) subquery_for_count
  Rendered home/index.html.erb within layouts/application (5.7ms)
Completed 200 OK in 11ms (Views: 5.6ms | ActiveRecord: 3.3ms)


Started GET "/assets/application.js?body=1" for 127.0.0.1 at 2014-03-11 15:59:29 -0500


Started GET "/assets/jquery_ujs.js?body=1" for 127.0.0.1 at 2014-03-11 15:59:29 -0500


Started GET "/assets/turbolinks.js?body=1" for 127.0.0.1 at 2014-03-11 15:59:29 -0500


Started GET "/assets/application.css?body=1" for 127.0.0.1 at 2014-03-11 15:59:29 -0500


Started GET "/assets/jquery.js?body=1" for 127.0.0.1 at 2014-03-11 15:59:29 -0500


Started GET "/" for 127.0.0.1 at 2014-03-11 15:59:31 -0500
Processing by HomeController#index as HTML
  [1m[36m (0.4ms)[0m  [1mSELECT COUNT(count_column) FROM (SELECT 1 AS count_column FROM "posts" LIMIT 5) subquery_for_count[0m
  Rendered home/index.html.erb within layouts/application (1.2ms)
Completed 200 OK in 5ms (Views: 4.2ms | ActiveRecord: 0.4ms)


Started GET "/assets/application.css?body=1" for 127.0.0.1 at 2014-03-11 15:59:31 -0500


Started GET "/assets/jquery_ujs.js?body=1" for 127.0.0.1 at 2014-03-11 15:59:31 -0500


Started GET "/assets/jquery.js?body=1" for 127.0.0.1 at 2014-03-11 15:59:31 -0500


Started GET "/assets/application.js?body=1" for 127.0.0.1 at 2014-03-11 15:59:31 -0500


Started GET "/assets/turbolinks.js?body=1" for 127.0.0.1 at 2014-03-11 15:59:31 -0500


Started GET "/posts" for 127.0.0.1 at 2014-03-11 15:59:31 -0500
Processing by PostsController#index as HTML
  [1m[35m (0.7ms)[0m  SELECT COUNT(*) FROM "posts"
  Rendered posts/index.html.erb within layouts/application (1.6ms)
Completed 200 OK in 10ms (Views: 6.7ms | ActiveRecord: 0.7ms)


Started GET "/" for 127.0.0.1 at 2014-03-11 15:59:34 -0500
Processing by HomeController#index as HTML
  [1m[36m (0.4ms)[0m  [1mSELECT COUNT(count_column) FROM (SELECT 1 AS count_column FROM "posts" LIMIT 5) subquery_for_count[0m
  Rendered home/index.html.erb within layouts/application (1.4ms)
Completed 200 OK in 6ms (Views: 4.4ms | ActiveRecord: 0.4ms)


Started GET "/assets/application.css?body=1" for 127.0.0.1 at 2014-03-11 15:59:34 -0500


Started GET "/assets/jquery_ujs.js?body=1" for 127.0.0.1 at 2014-03-11 15:59:34 -0500


Started GET "/assets/application.js?body=1" for 127.0.0.1 at 2014-03-11 15:59:34 -0500


Started GET "/assets/jquery.js?body=1" for 127.0.0.1 at 2014-03-11 15:59:34 -0500


Started GET "/assets/turbolinks.js?body=1" for 127.0.0.1 at 2014-03-11 15:59:34 -0500


Started GET "/" for 127.0.0.1 at 2014-03-11 15:59:58 -0500
Processing by HomeController#index as HTML
  [1m[35m (0.4ms)[0m  SELECT COUNT(count_column) FROM (SELECT 1 AS count_column FROM "posts" LIMIT 5) subquery_for_count
  Rendered home/index.html.erb within layouts/application (3.3ms)
Completed 200 OK in 10ms (Views: 5.9ms | ActiveRecord: 1.8ms)


Started GET "/assets/jquery.js?body=1" for 127.0.0.1 at 2014-03-11 15:59:58 -0500


Started GET "/assets/application.css?body=1" for 127.0.0.1 at 2014-03-11 15:59:58 -0500


Started GET "/assets/turbolinks.js?body=1" for 127.0.0.1 at 2014-03-11 15:59:58 -0500


Started GET "/assets/jquery_ujs.js?body=1" for 127.0.0.1 at 2014-03-11 15:59:58 -0500


Started GET "/assets/application.js?body=1" for 127.0.0.1 at 2014-03-11 15:59:58 -0500


Started GET "/" for 127.0.0.1 at 2014-03-11 16:01:20 -0500
Processing by HomeController#index as HTML
  [1m[36m (0.3ms)[0m  [1mSELECT COUNT(count_column) FROM (SELECT 1 AS count_column FROM "posts" LIMIT 5) subquery_for_count[0m
  Rendered home/index.html.erb within layouts/application (4.2ms)
Completed 200 OK in 10ms (Views: 6.0ms | ActiveRecord: 2.1ms)


Started GET "/assets/application.css?body=1" for 127.0.0.1 at 2014-03-11 16:01:20 -0500


Started GET "/assets/jquery.js?body=1" for 127.0.0.1 at 2014-03-11 16:01:20 -0500


Started GET "/assets/application.js?body=1" for 127.0.0.1 at 2014-03-11 16:01:20 -0500


Started GET "/assets/jquery_ujs.js?body=1" for 127.0.0.1 at 2014-03-11 16:01:20 -0500


Started GET "/assets/turbolinks.js?body=1" for 127.0.0.1 at 2014-03-11 16:01:20 -0500


Started GET "/" for 127.0.0.1 at 2014-03-11 16:03:31 -0500
Processing by HomeController#index as HTML
  [1m[35m (0.2ms)[0m  SELECT COUNT(count_column) FROM (SELECT 1 AS count_column FROM "posts" LIMIT 5) subquery_for_count
  Rendered home/index.html.erb within layouts/application (3.5ms)
Completed 200 OK in 9ms (Views: 5.3ms | ActiveRecord: 1.8ms)


Started GET "/assets/application.js?body=1" for 127.0.0.1 at 2014-03-11 16:03:31 -0500


Started GET "/assets/application.css?body=1" for 127.0.0.1 at 2014-03-11 16:03:31 -0500


Started GET "/assets/jquery_ujs.js?body=1" for 127.0.0.1 at 2014-03-11 16:03:31 -0500


Started GET "/assets/jquery.js?body=1" for 127.0.0.1 at 2014-03-11 16:03:31 -0500


Started GET "/assets/turbolinks.js?body=1" for 127.0.0.1 at 2014-03-11 16:03:31 -0500


Started GET "/new" for 127.0.0.1 at 2014-03-11 16:04:20 -0500

ActionController::RoutingError (No route matches [GET] "/new"):
  actionpack (4.0.2) lib/action_dispatch/middleware/debug_exceptions.rb:21:in `call'
  actionpack (4.0.2) lib/action_dispatch/middleware/show_exceptions.rb:30:in `call'
  railties (4.0.2) lib/rails/rack/logger.rb:38:in `call_app'
  railties (4.0.2) lib/rails/rack/logger.rb:20:in `block in call'
  activesupport (4.0.2) lib/active_support/tagged_logging.rb:67:in `block in tagged'
  activesupport (4.0.2) lib/active_support/tagged_logging.rb:25:in `tagged'
  activesupport (4.0.2) lib/active_support/tagged_logging.rb:67:in `tagged'
  railties (4.0.2) lib/rails/rack/logger.rb:20:in `call'
  actionpack (4.0.2) lib/action_dispatch/middleware/request_id.rb:21:in `call'
  rack (1.5.2) lib/rack/methodoverride.rb:21:in `call'
  rack (1.5.2) lib/rack/runtime.rb:17:in `call'
  activesupport (4.0.2) lib/active_support/cache/strategy/local_cache.rb:83:in `call'
  rack (1.5.2) lib/rack/lock.rb:17:in `call'
  actionpack (4.0.2) lib/action_dispatch/middleware/static.rb:64:in `call'
  rack (1.5.2) lib/rack/sendfile.rb:112:in `call'
  railties (4.0.2) lib/rails/engine.rb:511:in `call'
  railties (4.0.2) lib/rails/application.rb:97:in `call'
  rack (1.5.2) lib/rack/lock.rb:17:in `call'
  rack (1.5.2) lib/rack/content_length.rb:14:in `call'
  rack (1.5.2) lib/rack/handler/webrick.rb:60:in `service'
  /Users/apprentice/.rbenv/versions/2.0.0-p353/lib/ruby/2.0.0/webrick/httpserver.rb:138:in `service'
  /Users/apprentice/.rbenv/versions/2.0.0-p353/lib/ruby/2.0.0/webrick/httpserver.rb:94:in `run'
  /Users/apprentice/.rbenv/versions/2.0.0-p353/lib/ruby/2.0.0/webrick/server.rb:295:in `block in start_thread'


  Rendered /Users/apprentice/.rbenv/versions/2.0.0-p353/lib/ruby/gems/2.0.0/gems/actionpack-4.0.2/lib/action_dispatch/middleware/templates/rescues/_trace.erb (1.0ms)
  Rendered /Users/apprentice/.rbenv/versions/2.0.0-p353/lib/ruby/gems/2.0.0/gems/actionpack-4.0.2/lib/action_dispatch/middleware/templates/routes/_route.html.erb (2.1ms)
  Rendered /Users/apprentice/.rbenv/versions/2.0.0-p353/lib/ruby/gems/2.0.0/gems/actionpack-4.0.2/lib/action_dispatch/middleware/templates/routes/_table.html.erb (41.2ms)
  Rendered /Users/apprentice/.rbenv/versions/2.0.0-p353/lib/ruby/gems/2.0.0/gems/actionpack-4.0.2/lib/action_dispatch/middleware/templates/rescues/routing_error.erb within rescues/layout (86.7ms)


Started GET "/new" for 127.0.0.1 at 2014-03-11 16:08:25 -0500

ActionController::RoutingError (No route matches [GET] "/new"):
  actionpack (4.0.2) lib/action_dispatch/middleware/debug_exceptions.rb:21:in `call'
  actionpack (4.0.2) lib/action_dispatch/middleware/show_exceptions.rb:30:in `call'
  railties (4.0.2) lib/rails/rack/logger.rb:38:in `call_app'
  railties (4.0.2) lib/rails/rack/logger.rb:20:in `block in call'
  activesupport (4.0.2) lib/active_support/tagged_logging.rb:67:in `block in tagged'
  activesupport (4.0.2) lib/active_support/tagged_logging.rb:25:in `tagged'
  activesupport (4.0.2) lib/active_support/tagged_logging.rb:67:in `tagged'
  railties (4.0.2) lib/rails/rack/logger.rb:20:in `call'
  actionpack (4.0.2) lib/action_dispatch/middleware/request_id.rb:21:in `call'
  rack (1.5.2) lib/rack/methodoverride.rb:21:in `call'
  rack (1.5.2) lib/rack/runtime.rb:17:in `call'
  activesupport (4.0.2) lib/active_support/cache/strategy/local_cache.rb:83:in `call'
  rack (1.5.2) lib/rack/lock.rb:17:in `call'
  actionpack (4.0.2) lib/action_dispatch/middleware/static.rb:64:in `call'
  rack (1.5.2) lib/rack/sendfile.rb:112:in `call'
  railties (4.0.2) lib/rails/engine.rb:511:in `call'
  railties (4.0.2) lib/rails/application.rb:97:in `call'
  rack (1.5.2) lib/rack/lock.rb:17:in `call'
  rack (1.5.2) lib/rack/content_length.rb:14:in `call'
  rack (1.5.2) lib/rack/handler/webrick.rb:60:in `service'
  /Users/apprentice/.rbenv/versions/2.0.0-p353/lib/ruby/2.0.0/webrick/httpserver.rb:138:in `service'
  /Users/apprentice/.rbenv/versions/2.0.0-p353/lib/ruby/2.0.0/webrick/httpserver.rb:94:in `run'
  /Users/apprentice/.rbenv/versions/2.0.0-p353/lib/ruby/2.0.0/webrick/server.rb:295:in `block in start_thread'


  Rendered /Users/apprentice/.rbenv/versions/2.0.0-p353/lib/ruby/gems/2.0.0/gems/actionpack-4.0.2/lib/action_dispatch/middleware/templates/rescues/_trace.erb (0.9ms)
  Rendered /Users/apprentice/.rbenv/versions/2.0.0-p353/lib/ruby/gems/2.0.0/gems/actionpack-4.0.2/lib/action_dispatch/middleware/templates/routes/_route.html.erb (1.6ms)
  Rendered /Users/apprentice/.rbenv/versions/2.0.0-p353/lib/ruby/gems/2.0.0/gems/actionpack-4.0.2/lib/action_dispatch/middleware/templates/routes/_table.html.erb (0.9ms)
  Rendered /Users/apprentice/.rbenv/versions/2.0.0-p353/lib/ruby/gems/2.0.0/gems/actionpack-4.0.2/lib/action_dispatch/middleware/templates/rescues/routing_error.erb within rescues/layout (21.6ms)


Started GET "/post" for 127.0.0.1 at 2014-03-11 16:08:38 -0500

ActionController::RoutingError (No route matches [GET] "/post"):
  actionpack (4.0.2) lib/action_dispatch/middleware/debug_exceptions.rb:21:in `call'
  actionpack (4.0.2) lib/action_dispatch/middleware/show_exceptions.rb:30:in `call'
  railties (4.0.2) lib/rails/rack/logger.rb:38:in `call_app'
  railties (4.0.2) lib/rails/rack/logger.rb:20:in `block in call'
  activesupport (4.0.2) lib/active_support/tagged_logging.rb:67:in `block in tagged'
  activesupport (4.0.2) lib/active_support/tagged_logging.rb:25:in `tagged'
  activesupport (4.0.2) lib/active_support/tagged_logging.rb:67:in `tagged'
  railties (4.0.2) lib/rails/rack/logger.rb:20:in `call'
  actionpack (4.0.2) lib/action_dispatch/middleware/request_id.rb:21:in `call'
  rack (1.5.2) lib/rack/methodoverride.rb:21:in `call'
  rack (1.5.2) lib/rack/runtime.rb:17:in `call'
  activesupport (4.0.2) lib/active_support/cache/strategy/local_cache.rb:83:in `call'
  rack (1.5.2) lib/rack/lock.rb:17:in `call'
  actionpack (4.0.2) lib/action_dispatch/middleware/static.rb:64:in `call'
  rack (1.5.2) lib/rack/sendfile.rb:112:in `call'
  railties (4.0.2) lib/rails/engine.rb:511:in `call'
  railties (4.0.2) lib/rails/application.rb:97:in `call'
  rack (1.5.2) lib/rack/lock.rb:17:in `call'
  rack (1.5.2) lib/rack/content_length.rb:14:in `call'
  rack (1.5.2) lib/rack/handler/webrick.rb:60:in `service'
  /Users/apprentice/.rbenv/versions/2.0.0-p353/lib/ruby/2.0.0/webrick/httpserver.rb:138:in `service'
  /Users/apprentice/.rbenv/versions/2.0.0-p353/lib/ruby/2.0.0/webrick/httpserver.rb:94:in `run'
  /Users/apprentice/.rbenv/versions/2.0.0-p353/lib/ruby/2.0.0/webrick/server.rb:295:in `block in start_thread'


  Rendered /Users/apprentice/.rbenv/versions/2.0.0-p353/lib/ruby/gems/2.0.0/gems/actionpack-4.0.2/lib/action_dispatch/middleware/templates/rescues/_trace.erb (0.9ms)
  Rendered /Users/apprentice/.rbenv/versions/2.0.0-p353/lib/ruby/gems/2.0.0/gems/actionpack-4.0.2/lib/action_dispatch/middleware/templates/routes/_route.html.erb (1.8ms)
  Rendered /Users/apprentice/.rbenv/versions/2.0.0-p353/lib/ruby/gems/2.0.0/gems/actionpack-4.0.2/lib/action_dispatch/middleware/templates/routes/_table.html.erb (1.1ms)
  Rendered /Users/apprentice/.rbenv/versions/2.0.0-p353/lib/ruby/gems/2.0.0/gems/actionpack-4.0.2/lib/action_dispatch/middleware/templates/rescues/routing_error.erb within rescues/layout (22.3ms)


Started GET "/post/new" for 127.0.0.1 at 2014-03-11 16:08:41 -0500

ActionController::RoutingError (No route matches [GET] "/post/new"):
  actionpack (4.0.2) lib/action_dispatch/middleware/debug_exceptions.rb:21:in `call'
  actionpack (4.0.2) lib/action_dispatch/middleware/show_exceptions.rb:30:in `call'
  railties (4.0.2) lib/rails/rack/logger.rb:38:in `call_app'
  railties (4.0.2) lib/rails/rack/logger.rb:20:in `block in call'
  activesupport (4.0.2) lib/active_support/tagged_logging.rb:67:in `block in tagged'
  activesupport (4.0.2) lib/active_support/tagged_logging.rb:25:in `tagged'
  activesupport (4.0.2) lib/active_support/tagged_logging.rb:67:in `tagged'
  railties (4.0.2) lib/rails/rack/logger.rb:20:in `call'
  actionpack (4.0.2) lib/action_dispatch/middleware/request_id.rb:21:in `call'
  rack (1.5.2) lib/rack/methodoverride.rb:21:in `call'
  rack (1.5.2) lib/rack/runtime.rb:17:in `call'
  activesupport (4.0.2) lib/active_support/cache/strategy/local_cache.rb:83:in `call'
  rack (1.5.2) lib/rack/lock.rb:17:in `call'
  actionpack (4.0.2) lib/action_dispatch/middleware/static.rb:64:in `call'
  rack (1.5.2) lib/rack/sendfile.rb:112:in `call'
  railties (4.0.2) lib/rails/engine.rb:511:in `call'
  railties (4.0.2) lib/rails/application.rb:97:in `call'
  rack (1.5.2) lib/rack/lock.rb:17:in `call'
  rack (1.5.2) lib/rack/content_length.rb:14:in `call'
  rack (1.5.2) lib/rack/handler/webrick.rb:60:in `service'
  /Users/apprentice/.rbenv/versions/2.0.0-p353/lib/ruby/2.0.0/webrick/httpserver.rb:138:in `service'
  /Users/apprentice/.rbenv/versions/2.0.0-p353/lib/ruby/2.0.0/webrick/httpserver.rb:94:in `run'
  /Users/apprentice/.rbenv/versions/2.0.0-p353/lib/ruby/2.0.0/webrick/server.rb:295:in `block in start_thread'


  Rendered /Users/apprentice/.rbenv/versions/2.0.0-p353/lib/ruby/gems/2.0.0/gems/actionpack-4.0.2/lib/action_dispatch/middleware/templates/rescues/_trace.erb (1.0ms)
  Rendered /Users/apprentice/.rbenv/versions/2.0.0-p353/lib/ruby/gems/2.0.0/gems/actionpack-4.0.2/lib/action_dispatch/middleware/templates/routes/_route.html.erb (1.8ms)
  Rendered /Users/apprentice/.rbenv/versions/2.0.0-p353/lib/ruby/gems/2.0.0/gems/actionpack-4.0.2/lib/action_dispatch/middleware/templates/routes/_table.html.erb (1.0ms)
  Rendered /Users/apprentice/.rbenv/versions/2.0.0-p353/lib/ruby/gems/2.0.0/gems/actionpack-4.0.2/lib/action_dispatch/middleware/templates/rescues/routing_error.erb within rescues/layout (23.0ms)


Started GET "/new" for 127.0.0.1 at 2014-03-11 16:09:42 -0500

ActionController::RoutingError (No route matches [GET] "/new"):
  actionpack (4.0.2) lib/action_dispatch/middleware/debug_exceptions.rb:21:in `call'
  actionpack (4.0.2) lib/action_dispatch/middleware/show_exceptions.rb:30:in `call'
  railties (4.0.2) lib/rails/rack/logger.rb:38:in `call_app'
  railties (4.0.2) lib/rails/rack/logger.rb:20:in `block in call'
  activesupport (4.0.2) lib/active_support/tagged_logging.rb:67:in `block in tagged'
  activesupport (4.0.2) lib/active_support/tagged_logging.rb:25:in `tagged'
  activesupport (4.0.2) lib/active_support/tagged_logging.rb:67:in `tagged'
  railties (4.0.2) lib/rails/rack/logger.rb:20:in `call'
  actionpack (4.0.2) lib/action_dispatch/middleware/request_id.rb:21:in `call'
  rack (1.5.2) lib/rack/methodoverride.rb:21:in `call'
  rack (1.5.2) lib/rack/runtime.rb:17:in `call'
  activesupport (4.0.2) lib/active_support/cache/strategy/local_cache.rb:83:in `call'
  rack (1.5.2) lib/rack/lock.rb:17:in `call'
  actionpack (4.0.2) lib/action_dispatch/middleware/static.rb:64:in `call'
  rack (1.5.2) lib/rack/sendfile.rb:112:in `call'
  railties (4.0.2) lib/rails/engine.rb:511:in `call'
  railties (4.0.2) lib/rails/application.rb:97:in `call'
  rack (1.5.2) lib/rack/lock.rb:17:in `call'
  rack (1.5.2) lib/rack/content_length.rb:14:in `call'
  rack (1.5.2) lib/rack/handler/webrick.rb:60:in `service'
  /Users/apprentice/.rbenv/versions/2.0.0-p353/lib/ruby/2.0.0/webrick/httpserver.rb:138:in `service'
  /Users/apprentice/.rbenv/versions/2.0.0-p353/lib/ruby/2.0.0/webrick/httpserver.rb:94:in `run'
  /Users/apprentice/.rbenv/versions/2.0.0-p353/lib/ruby/2.0.0/webrick/server.rb:295:in `block in start_thread'


  Rendered /Users/apprentice/.rbenv/versions/2.0.0-p353/lib/ruby/gems/2.0.0/gems/actionpack-4.0.2/lib/action_dispatch/middleware/templates/rescues/_trace.erb (0.9ms)
  Rendered /Users/apprentice/.rbenv/versions/2.0.0-p353/lib/ruby/gems/2.0.0/gems/actionpack-4.0.2/lib/action_dispatch/middleware/templates/routes/_route.html.erb (1.8ms)
  Rendered /Users/apprentice/.rbenv/versions/2.0.0-p353/lib/ruby/gems/2.0.0/gems/actionpack-4.0.2/lib/action_dispatch/middleware/templates/routes/_table.html.erb (1.0ms)
  Rendered /Users/apprentice/.rbenv/versions/2.0.0-p353/lib/ruby/gems/2.0.0/gems/actionpack-4.0.2/lib/action_dispatch/middleware/templates/rescues/routing_error.erb within rescues/layout (22.4ms)


Started GET "/posts/new" for 127.0.0.1 at 2014-03-11 16:09:47 -0500

AbstractController::ActionNotFound (The action 'new' could not be found for PostsController):
  actionpack (4.0.2) lib/abstract_controller/base.rb:131:in `process'
  actionpack (4.0.2) lib/abstract_controller/rendering.rb:44:in `process'
  actionpack (4.0.2) lib/action_controller/metal.rb:195:in `dispatch'
  actionpack (4.0.2) lib/action_controller/metal/rack_delegation.rb:13:in `dispatch'
  actionpack (4.0.2) lib/action_controller/metal.rb:231:in `block in action'
  actionpack (4.0.2) lib/action_dispatch/routing/route_set.rb:80:in `call'
  actionpack (4.0.2) lib/action_dispatch/routing/route_set.rb:80:in `dispatch'
  actionpack (4.0.2) lib/action_dispatch/routing/route_set.rb:48:in `call'
  actionpack (4.0.2) lib/action_dispatch/journey/router.rb:71:in `block in call'
  actionpack (4.0.2) lib/action_dispatch/journey/router.rb:59:in `each'
  actionpack (4.0.2) lib/action_dispatch/journey/router.rb:59:in `call'
  actionpack (4.0.2) lib/action_dispatch/routing/route_set.rb:680:in `call'
  rack (1.5.2) lib/rack/etag.rb:23:in `call'
  rack (1.5.2) lib/rack/conditionalget.rb:25:in `call'
  rack (1.5.2) lib/rack/head.rb:11:in `call'
  actionpack (4.0.2) lib/action_dispatch/middleware/params_parser.rb:27:in `call'
  actionpack (4.0.2) lib/action_dispatch/middleware/flash.rb:241:in `call'
  rack (1.5.2) lib/rack/session/abstract/id.rb:225:in `context'
  rack (1.5.2) lib/rack/session/abstract/id.rb:220:in `call'
  actionpack (4.0.2) lib/action_dispatch/middleware/cookies.rb:486:in `call'
  activerecord (4.0.2) lib/active_record/query_cache.rb:36:in `call'
  activerecord (4.0.2) lib/active_record/connection_adapters/abstract/connection_pool.rb:626:in `call'
  activerecord (4.0.2) lib/active_record/migration.rb:369:in `call'
  actionpack (4.0.2) lib/action_dispatch/middleware/callbacks.rb:29:in `block in call'
  activesupport (4.0.2) lib/active_support/callbacks.rb:373:in `_run__1613916512692703746__call__callbacks'
  activesupport (4.0.2) lib/active_support/callbacks.rb:80:in `run_callbacks'
  actionpack (4.0.2) lib/action_dispatch/middleware/callbacks.rb:27:in `call'
  actionpack (4.0.2) lib/action_dispatch/middleware/reloader.rb:64:in `call'
  actionpack (4.0.2) lib/action_dispatch/middleware/remote_ip.rb:76:in `call'
  actionpack (4.0.2) lib/action_dispatch/middleware/debug_exceptions.rb:17:in `call'
  actionpack (4.0.2) lib/action_dispatch/middleware/show_exceptions.rb:30:in `call'
  railties (4.0.2) lib/rails/rack/logger.rb:38:in `call_app'
  railties (4.0.2) lib/rails/rack/logger.rb:20:in `block in call'
  activesupport (4.0.2) lib/active_support/tagged_logging.rb:67:in `block in tagged'
  activesupport (4.0.2) lib/active_support/tagged_logging.rb:25:in `tagged'
  activesupport (4.0.2) lib/active_support/tagged_logging.rb:67:in `tagged'
  railties (4.0.2) lib/rails/rack/logger.rb:20:in `call'
  actionpack (4.0.2) lib/action_dispatch/middleware/request_id.rb:21:in `call'
  rack (1.5.2) lib/rack/methodoverride.rb:21:in `call'
  rack (1.5.2) lib/rack/runtime.rb:17:in `call'
  activesupport (4.0.2) lib/active_support/cache/strategy/local_cache.rb:83:in `call'
  rack (1.5.2) lib/rack/lock.rb:17:in `call'
  actionpack (4.0.2) lib/action_dispatch/middleware/static.rb:64:in `call'
  rack (1.5.2) lib/rack/sendfile.rb:112:in `call'
  railties (4.0.2) lib/rails/engine.rb:511:in `call'
  railties (4.0.2) lib/rails/application.rb:97:in `call'
  rack (1.5.2) lib/rack/lock.rb:17:in `call'
  rack (1.5.2) lib/rack/content_length.rb:14:in `call'
  rack (1.5.2) lib/rack/handler/webrick.rb:60:in `service'
  /Users/apprentice/.rbenv/versions/2.0.0-p353/lib/ruby/2.0.0/webrick/httpserver.rb:138:in `service'
  /Users/apprentice/.rbenv/versions/2.0.0-p353/lib/ruby/2.0.0/webrick/httpserver.rb:94:in `run'
  /Users/apprentice/.rbenv/versions/2.0.0-p353/lib/ruby/2.0.0/webrick/server.rb:295:in `block in start_thread'


  Rendered /Users/apprentice/.rbenv/versions/2.0.0-p353/lib/ruby/gems/2.0.0/gems/actionpack-4.0.2/lib/action_dispatch/middleware/templates/rescues/unknown_action.erb within rescues/layout (0.7ms)


Started GET "/admin/posts/new" for 127.0.0.1 at 2014-03-11 16:09:51 -0500
Processing by Admin::PostsController#new as HTML
Filter chain halted as #<Proc:0x007fa89b9a1258@/Users/apprentice/.rbenv/versions/2.0.0-p353/lib/ruby/gems/2.0.0/gems/actionpack-4.0.2/lib/action_controller/metal/http_authentication.rb:71> rendered or redirected
Completed 401 Unauthorized in 1ms (ActiveRecord: 0.0ms)


Started GET "/admin/posts/new" for 127.0.0.1 at 2014-03-11 16:10:00 -0500
Processing by Admin::PostsController#new as HTML
  Rendered admin/posts/new.html.erb within layouts/application (0.4ms)
Completed 200 OK in 10ms (Views: 4.2ms | ActiveRecord: 2.0ms)


Started GET "/assets/application.css?body=1" for 127.0.0.1 at 2014-03-11 16:10:00 -0500


Started GET "/assets/jquery.js?body=1" for 127.0.0.1 at 2014-03-11 16:10:00 -0500


Started GET "/assets/jquery_ujs.js?body=1" for 127.0.0.1 at 2014-03-11 16:10:00 -0500


Started GET "/assets/turbolinks.js?body=1" for 127.0.0.1 at 2014-03-11 16:10:00 -0500


Started GET "/assets/application.js?body=1" for 127.0.0.1 at 2014-03-11 16:10:00 -0500


Started GET "/admin/posts/" for 127.0.0.1 at 2014-03-11 16:15:04 -0500
Processing by Admin::PostsController#index as HTML
  [1m[36m (0.2ms)[0m  [1mSELECT COUNT(*) FROM "posts"[0m
  Rendered admin/posts/index.html.erb within layouts/application (4.6ms)
Completed 200 OK in 11ms (Views: 6.0ms | ActiveRecord: 2.2ms)


Started GET "/assets/jquery_ujs.js?body=1" for 127.0.0.1 at 2014-03-11 16:15:04 -0500


Started GET "/assets/jquery.js?body=1" for 127.0.0.1 at 2014-03-11 16:15:04 -0500


Started GET "/assets/application.css?body=1" for 127.0.0.1 at 2014-03-11 16:15:04 -0500


Started GET "/assets/application.js?body=1" for 127.0.0.1 at 2014-03-11 16:15:04 -0500


Started GET "/assets/turbolinks.js?body=1" for 127.0.0.1 at 2014-03-11 16:15:04 -0500


Started GET "/admin/posts/new" for 127.0.0.1 at 2014-03-11 16:15:07 -0500
Processing by Admin::PostsController#new as HTML
  Rendered admin/posts/new.html.erb within layouts/application (0.5ms)
Completed 200 OK in 7ms (Views: 6.0ms | ActiveRecord: 0.0ms)


Started GET "/admin/posts/new" for 127.0.0.1 at 2014-03-11 16:16:50 -0500
Processing by Admin::PostsController#new as HTML
  Rendered admin/posts/_form.html.erb (64.4ms)
  Rendered admin/posts/new.html.erb within layouts/application (65.6ms)
Completed 200 OK in 70ms (Views: 69.4ms | ActiveRecord: 0.0ms)


Started GET "/assets/jquery.js?body=1" for 127.0.0.1 at 2014-03-11 16:16:50 -0500


Started GET "/assets/application.css?body=1" for 127.0.0.1 at 2014-03-11 16:16:50 -0500


Started GET "/assets/jquery_ujs.js?body=1" for 127.0.0.1 at 2014-03-11 16:16:50 -0500


Started GET "/assets/application.js?body=1" for 127.0.0.1 at 2014-03-11 16:16:50 -0500


Started GET "/assets/turbolinks.js?body=1" for 127.0.0.1 at 2014-03-11 16:16:50 -0500


Started GET "/admin/posts/new" for 127.0.0.1 at 2014-03-11 16:37:38 -0500
Processing by Admin::PostsController#new as HTML
  Rendered admin/posts/_form.html.erb (6.4ms)
  Rendered admin/posts/new.html.erb within layouts/application (7.1ms)
Completed 200 OK in 16ms (Views: 10.3ms | ActiveRecord: 2.2ms)


Started GET "/assets/application.css?body=1" for 127.0.0.1 at 2014-03-11 16:37:38 -0500


Started GET "/assets/application.js?body=1" for 127.0.0.1 at 2014-03-11 16:37:38 -0500


Started GET "/assets/turbolinks.js?body=1" for 127.0.0.1 at 2014-03-11 16:37:38 -0500


Started GET "/assets/jquery.js?body=1" for 127.0.0.1 at 2014-03-11 16:37:38 -0500


Started GET "/assets/jquery_ujs.js?body=1" for 127.0.0.1 at 2014-03-11 16:37:38 -0500


Started GET "/admin/index" for 127.0.0.1 at 2014-03-11 16:37:41 -0500

ActionController::RoutingError (No route matches [GET] "/admin/index"):
  actionpack (4.0.2) lib/action_dispatch/middleware/debug_exceptions.rb:21:in `call'
  actionpack (4.0.2) lib/action_dispatch/middleware/show_exceptions.rb:30:in `call'
  railties (4.0.2) lib/rails/rack/logger.rb:38:in `call_app'
  railties (4.0.2) lib/rails/rack/logger.rb:20:in `block in call'
  activesupport (4.0.2) lib/active_support/tagged_logging.rb:67:in `block in tagged'
  activesupport (4.0.2) lib/active_support/tagged_logging.rb:25:in `tagged'
  activesupport (4.0.2) lib/active_support/tagged_logging.rb:67:in `tagged'
  railties (4.0.2) lib/rails/rack/logger.rb:20:in `call'
  actionpack (4.0.2) lib/action_dispatch/middleware/request_id.rb:21:in `call'
  rack (1.5.2) lib/rack/methodoverride.rb:21:in `call'
  rack (1.5.2) lib/rack/runtime.rb:17:in `call'
  activesupport (4.0.2) lib/active_support/cache/strategy/local_cache.rb:83:in `call'
  rack (1.5.2) lib/rack/lock.rb:17:in `call'
  actionpack (4.0.2) lib/action_dispatch/middleware/static.rb:64:in `call'
  rack (1.5.2) lib/rack/sendfile.rb:112:in `call'
  railties (4.0.2) lib/rails/engine.rb:511:in `call'
  railties (4.0.2) lib/rails/application.rb:97:in `call'
  rack (1.5.2) lib/rack/lock.rb:17:in `call'
  rack (1.5.2) lib/rack/content_length.rb:14:in `call'
  rack (1.5.2) lib/rack/handler/webrick.rb:60:in `service'
  /Users/apprentice/.rbenv/versions/2.0.0-p353/lib/ruby/2.0.0/webrick/httpserver.rb:138:in `service'
  /Users/apprentice/.rbenv/versions/2.0.0-p353/lib/ruby/2.0.0/webrick/httpserver.rb:94:in `run'
  /Users/apprentice/.rbenv/versions/2.0.0-p353/lib/ruby/2.0.0/webrick/server.rb:295:in `block in start_thread'


  Rendered /Users/apprentice/.rbenv/versions/2.0.0-p353/lib/ruby/gems/2.0.0/gems/actionpack-4.0.2/lib/action_dispatch/middleware/templates/rescues/_trace.erb (1.2ms)
  Rendered /Users/apprentice/.rbenv/versions/2.0.0-p353/lib/ruby/gems/2.0.0/gems/actionpack-4.0.2/lib/action_dispatch/middleware/templates/routes/_route.html.erb (1.8ms)
  Rendered /Users/apprentice/.rbenv/versions/2.0.0-p353/lib/ruby/gems/2.0.0/gems/actionpack-4.0.2/lib/action_dispatch/middleware/templates/routes/_table.html.erb (1.1ms)
  Rendered /Users/apprentice/.rbenv/versions/2.0.0-p353/lib/ruby/gems/2.0.0/gems/actionpack-4.0.2/lib/action_dispatch/middleware/templates/rescues/routing_error.erb within rescues/layout (26.1ms)


Started GET "/admin/" for 127.0.0.1 at 2014-03-11 16:37:45 -0500

ActionController::RoutingError (No route matches [GET] "/admin"):
  actionpack (4.0.2) lib/action_dispatch/middleware/debug_exceptions.rb:21:in `call'
  actionpack (4.0.2) lib/action_dispatch/middleware/show_exceptions.rb:30:in `call'
  railties (4.0.2) lib/rails/rack/logger.rb:38:in `call_app'
  railties (4.0.2) lib/rails/rack/logger.rb:20:in `block in call'
  activesupport (4.0.2) lib/active_support/tagged_logging.rb:67:in `block in tagged'
  activesupport (4.0.2) lib/active_support/tagged_logging.rb:25:in `tagged'
  activesupport (4.0.2) lib/active_support/tagged_logging.rb:67:in `tagged'
  railties (4.0.2) lib/rails/rack/logger.rb:20:in `call'
  actionpack (4.0.2) lib/action_dispatch/middleware/request_id.rb:21:in `call'
  rack (1.5.2) lib/rack/methodoverride.rb:21:in `call'
  rack (1.5.2) lib/rack/runtime.rb:17:in `call'
  activesupport (4.0.2) lib/active_support/cache/strategy/local_cache.rb:83:in `call'
  rack (1.5.2) lib/rack/lock.rb:17:in `call'
  actionpack (4.0.2) lib/action_dispatch/middleware/static.rb:64:in `call'
  rack (1.5.2) lib/rack/sendfile.rb:112:in `call'
  railties (4.0.2) lib/rails/engine.rb:511:in `call'
  railties (4.0.2) lib/rails/application.rb:97:in `call'
  rack (1.5.2) lib/rack/lock.rb:17:in `call'
  rack (1.5.2) lib/rack/content_length.rb:14:in `call'
  rack (1.5.2) lib/rack/handler/webrick.rb:60:in `service'
  /Users/apprentice/.rbenv/versions/2.0.0-p353/lib/ruby/2.0.0/webrick/httpserver.rb:138:in `service'
  /Users/apprentice/.rbenv/versions/2.0.0-p353/lib/ruby/2.0.0/webrick/httpserver.rb:94:in `run'
  /Users/apprentice/.rbenv/versions/2.0.0-p353/lib/ruby/2.0.0/webrick/server.rb:295:in `block in start_thread'


  Rendered /Users/apprentice/.rbenv/versions/2.0.0-p353/lib/ruby/gems/2.0.0/gems/actionpack-4.0.2/lib/action_dispatch/middleware/templates/rescues/_trace.erb (1.0ms)
  Rendered /Users/apprentice/.rbenv/versions/2.0.0-p353/lib/ruby/gems/2.0.0/gems/actionpack-4.0.2/lib/action_dispatch/middleware/templates/routes/_route.html.erb (1.8ms)
  Rendered /Users/apprentice/.rbenv/versions/2.0.0-p353/lib/ruby/gems/2.0.0/gems/actionpack-4.0.2/lib/action_dispatch/middleware/templates/routes/_table.html.erb (1.0ms)
  Rendered /Users/apprentice/.rbenv/versions/2.0.0-p353/lib/ruby/gems/2.0.0/gems/actionpack-4.0.2/lib/action_dispatch/middleware/templates/rescues/routing_error.erb within rescues/layout (23.0ms)


Started GET "/admin/posts" for 127.0.0.1 at 2014-03-11 16:37:49 -0500
Processing by Admin::PostsController#index as HTML
Filter chain halted as #<Proc:0x007fa89e9f4590@/Users/apprentice/.rbenv/versions/2.0.0-p353/lib/ruby/gems/2.0.0/gems/actionpack-4.0.2/lib/action_controller/metal/http_authentication.rb:71> rendered or redirected
Completed 401 Unauthorized in 1ms (ActiveRecord: 0.0ms)


Started GET "/admin/posts" for 127.0.0.1 at 2014-03-11 16:37:49 -0500
Processing by Admin::PostsController#index as HTML
  [1m[35m (0.4ms)[0m  SELECT COUNT(*) FROM "posts"
  Rendered admin/posts/index.html.erb within layouts/application (1.4ms)
Completed 200 OK in 6ms (Views: 5.1ms | ActiveRecord: 0.4ms)


Started GET "/assets/application.css?body=1" for 127.0.0.1 at 2014-03-11 16:37:49 -0500


Started GET "/assets/jquery.js?body=1" for 127.0.0.1 at 2014-03-11 16:37:49 -0500


Started GET "/assets/jquery_ujs.js?body=1" for 127.0.0.1 at 2014-03-11 16:37:49 -0500


Started GET "/assets/turbolinks.js?body=1" for 127.0.0.1 at 2014-03-11 16:37:49 -0500


Started GET "/assets/application.js?body=1" for 127.0.0.1 at 2014-03-11 16:37:49 -0500


Started GET "/admin/posts/new" for 127.0.0.1 at 2014-03-11 16:45:56 -0500
Processing by Admin::PostsController#new as HTML
  Rendered admin/posts/_form.html.erb (3.4ms)
  Rendered admin/posts/new.html.erb within layouts/application (5.6ms)
Completed 200 OK in 10ms (Views: 9.6ms | ActiveRecord: 0.0ms)


Started POST "/admin/posts" for 127.0.0.1 at 2014-03-11 16:46:03 -0500
Processing by Admin::PostsController#create as HTML
  Parameters: {"utf8"=>"✓", "authenticity_token"=>"vMQlTLWfZN8DVRh6XhJS8S2Hg8acqGiocUmpjiKFzsk=", "post"=>{"title"=>"test post", "content"=>"hi eric", "is_published"=>"1"}, "commit"=>"Save"}
  [1m[36m (0.2ms)[0m  [1mBEGIN[0m
  [1m[35mSQL (19.0ms)[0m  INSERT INTO "posts" ("content", "created_at", "is_published", "title", "updated_at") VALUES ($1, $2, $3, $4, $5) RETURNING "id"  [["content", "hi eric"], ["created_at", Tue, 11 Mar 2014 21:46:03 UTC +00:00], ["is_published", true], ["title", "Test Post"], ["updated_at", Tue, 11 Mar 2014 21:46:03 UTC +00:00]]
  [1m[36m (0.6ms)[0m  [1mCOMMIT[0m
Redirected to http://localhost:3000/admin/posts/1
Completed 302 Found in 26ms (ActiveRecord: 19.9ms)


Started GET "/admin/posts/1" for 127.0.0.1 at 2014-03-11 16:46:03 -0500
Processing by Admin::PostsController#show as HTML
  Parameters: {"id"=>"1"}
  [1m[35mPost Load (0.6ms)[0m  SELECT "posts".* FROM "posts" WHERE "posts"."id" = $1 LIMIT 1  [["id", "1"]]
  Rendered admin/posts/show.html.erb within layouts/application (2.8ms)
Completed 200 OK in 9ms (Views: 6.0ms | ActiveRecord: 0.6ms)


Started GET "/assets/jquery.js?body=1" for 127.0.0.1 at 2014-03-11 16:46:03 -0500


Started GET "/assets/application.css?body=1" for 127.0.0.1 at 2014-03-11 16:46:03 -0500


Started GET "/assets/jquery_ujs.js?body=1" for 127.0.0.1 at 2014-03-11 16:46:03 -0500


Started GET "/assets/turbolinks.js?body=1" for 127.0.0.1 at 2014-03-11 16:46:03 -0500


Started GET "/assets/application.js?body=1" for 127.0.0.1 at 2014-03-11 16:46:03 -0500


Started GET "/admin/posts" for 127.0.0.1 at 2014-03-11 16:46:06 -0500
Processing by Admin::PostsController#index as HTML
  [1m[36m (0.7ms)[0m  [1mSELECT COUNT(*) FROM "posts"[0m
  [1m[35mPost Load (0.3ms)[0m  SELECT "posts".* FROM "posts"
  Rendered admin/posts/index.html.erb within layouts/application (4.2ms)
Completed 200 OK in 9ms (Views: 7.7ms | ActiveRecord: 1.0ms)


Started GET "/posts/1" for 127.0.0.1 at 2014-03-11 16:46:10 -0500
Processing by PostsController#show as HTML
  Parameters: {"id"=>"1"}
  [1m[36mPost Load (0.6ms)[0m  [1mSELECT "posts".* FROM "posts" WHERE "posts"."id" = $1 LIMIT 1[0m  [["id", "1"]]
  Rendered posts/show.html.erb within layouts/application (0.7ms)
Completed 200 OK in 8ms (Views: 5.3ms | ActiveRecord: 0.6ms)


Started GET "/admin/posts/new" for 127.0.0.1 at 2014-03-11 16:46:17 -0500
Processing by Admin::PostsController#new as HTML
  Rendered admin/posts/_form.html.erb (2.1ms)
  Rendered admin/posts/new.html.erb within layouts/application (3.2ms)
Completed 200 OK in 9ms (Views: 8.4ms | ActiveRecord: 0.0ms)


Started POST "/admin/posts" for 127.0.0.1 at 2014-03-11 16:46:25 -0500
Processing by Admin::PostsController#create as HTML
  Parameters: {"utf8"=>"✓", "authenticity_token"=>"vMQlTLWfZN8DVRh6XhJS8S2Hg8acqGiocUmpjiKFzsk=", "post"=>{"title"=>"testing testing", "content"=>"1, 2, 3", "is_published"=>"1"}, "commit"=>"Save"}
  [1m[35m (0.2ms)[0m  BEGIN
  [1m[36mSQL (0.5ms)[0m  [1mINSERT INTO "posts" ("content", "created_at", "is_published", "title", "updated_at") VALUES ($1, $2, $3, $4, $5) RETURNING "id"[0m  [["content", "1, 2, 3"], ["created_at", Tue, 11 Mar 2014 21:46:25 UTC +00:00], ["is_published", true], ["title", "Testing Testing"], ["updated_at", Tue, 11 Mar 2014 21:46:25 UTC +00:00]]
  [1m[35m (15.9ms)[0m  COMMIT
Redirected to http://localhost:3000/admin/posts/2
Completed 302 Found in 20ms (ActiveRecord: 16.6ms)


Started GET "/admin/posts/2" for 127.0.0.1 at 2014-03-11 16:46:25 -0500
Processing by Admin::PostsController#show as HTML
  Parameters: {"id"=>"2"}
  [1m[36mPost Load (0.3ms)[0m  [1mSELECT "posts".* FROM "posts" WHERE "posts"."id" = $1 LIMIT 1[0m  [["id", "2"]]
  Rendered admin/posts/show.html.erb within layouts/application (0.8ms)
Completed 200 OK in 6ms (Views: 4.1ms | ActiveRecord: 0.3ms)


Started GET "/assets/application.css?body=1" for 127.0.0.1 at 2014-03-11 16:46:25 -0500


Started GET "/assets/jquery.js?body=1" for 127.0.0.1 at 2014-03-11 16:46:25 -0500


Started GET "/assets/jquery_ujs.js?body=1" for 127.0.0.1 at 2014-03-11 16:46:25 -0500


Started GET "/assets/application.js?body=1" for 127.0.0.1 at 2014-03-11 16:46:25 -0500


Started GET "/assets/turbolinks.js?body=1" for 127.0.0.1 at 2014-03-11 16:46:25 -0500


Started GET "/admin/posts" for 127.0.0.1 at 2014-03-11 16:46:51 -0500
Processing by Admin::PostsController#index as HTML
  [1m[35m (0.4ms)[0m  SELECT COUNT(*) FROM "posts"
  [1m[36mPost Load (0.4ms)[0m  [1mSELECT "posts".* FROM "posts"[0m
  Rendered admin/posts/index.html.erb within layouts/application (3.6ms)
Completed 200 OK in 8ms (Views: 6.6ms | ActiveRecord: 0.9ms)


Started GET "/admin/posts" for 127.0.0.1 at 2014-03-11 16:48:48 -0500
Processing by Admin::PostsController#index as HTML
  [1m[35m (0.4ms)[0m  SELECT COUNT(*) FROM "posts"
  [1m[36mPost Load (0.3ms)[0m  [1mSELECT "posts".* FROM "posts"[0m
  Rendered admin/posts/index.html.erb within layouts/application (2.4ms)
Completed 200 OK in 7ms (Views: 5.3ms | ActiveRecord: 0.6ms)


Started GET "/assets/application.css?body=1" for 127.0.0.1 at 2014-03-11 16:48:48 -0500


Started GET "/assets/jquery.js?body=1" for 127.0.0.1 at 2014-03-11 16:48:48 -0500


Started GET "/assets/application.js?body=1" for 127.0.0.1 at 2014-03-11 16:48:48 -0500


Started GET "/assets/turbolinks.js?body=1" for 127.0.0.1 at 2014-03-11 16:48:48 -0500


Started GET "/assets/jquery_ujs.js?body=1" for 127.0.0.1 at 2014-03-11 16:48:48 -0500


Started GET "/admin/posts/1/edit" for 127.0.0.1 at 2014-03-11 17:22:54 -0500
Processing by Admin::PostsController#edit as HTML
  Parameters: {"id"=>"1"}
  [1m[35mPost Load (0.9ms)[0m  SELECT "posts".* FROM "posts" WHERE "posts"."id" = $1 LIMIT 1  [["id", "1"]]
  Rendered admin/posts/_form.html.erb (1.8ms)
  Rendered admin/posts/edit.html.erb within layouts/application (3.4ms)
Completed 200 OK in 12ms (Views: 9.0ms | ActiveRecord: 0.9ms)


Started DELETE "/admin/posts/2" for 127.0.0.1 at 2014-03-11 17:43:12 -0500
Processing by Admin::PostsController#destroy as HTML
  Parameters: {"authenticity_token"=>"vMQlTLWfZN8DVRh6XhJS8S2Hg8acqGiocUmpjiKFzsk=", "id"=>"2"}
Completed 404 Not Found in 1ms

ActiveRecord::RecordNotFound (Couldn't find Post without an ID):
  app/controllers/admin/posts_controller.rb:42:in `destroy'


  Rendered /Users/apprentice/.rbenv/versions/2.0.0-p353/lib/ruby/gems/2.0.0/gems/actionpack-4.0.2/lib/action_dispatch/middleware/templates/rescues/_source.erb (0.7ms)
  Rendered /Users/apprentice/.rbenv/versions/2.0.0-p353/lib/ruby/gems/2.0.0/gems/actionpack-4.0.2/lib/action_dispatch/middleware/templates/rescues/_trace.erb (1.2ms)
  Rendered /Users/apprentice/.rbenv/versions/2.0.0-p353/lib/ruby/gems/2.0.0/gems/actionpack-4.0.2/lib/action_dispatch/middleware/templates/rescues/_request_and_response.erb (1.0ms)
  Rendered /Users/apprentice/.rbenv/versions/2.0.0-p353/lib/ruby/gems/2.0.0/gems/actionpack-4.0.2/lib/action_dispatch/middleware/templates/rescues/diagnostics.erb within rescues/layout (17.5ms)
  [1m[36mPost Load (1.8ms)[0m  [1mSELECT "posts".* FROM "posts"[0m


Started GET "/admin/posts" for 127.0.0.1 at 2014-03-11 17:50:18 -0500
Processing by Admin::PostsController#index as HTML
  [1m[36m (0.2ms)[0m  [1mSELECT COUNT(*) FROM "posts"[0m
  [1m[35mPost Load (0.2ms)[0m  SELECT "posts".* FROM "posts"
  Rendered admin/posts/index.html.erb within layouts/application (11.2ms)
Completed 200 OK in 18ms (Views: 12.2ms | ActiveRecord: 2.4ms)


Started GET "/assets/application.css?body=1" for 127.0.0.1 at 2014-03-11 17:50:18 -0500


Started GET "/assets/jquery.js?body=1" for 127.0.0.1 at 2014-03-11 17:50:18 -0500


Started GET "/assets/jquery_ujs.js?body=1" for 127.0.0.1 at 2014-03-11 17:50:18 -0500


Started GET "/assets/turbolinks.js?body=1" for 127.0.0.1 at 2014-03-11 17:50:18 -0500


Started GET "/assets/application.js?body=1" for 127.0.0.1 at 2014-03-11 17:50:18 -0500


Started DELETE "/admin/posts/2" for 127.0.0.1 at 2014-03-11 17:50:20 -0500
Processing by Admin::PostsController#destroy as HTML
  Parameters: {"authenticity_token"=>"vMQlTLWfZN8DVRh6XhJS8S2Hg8acqGiocUmpjiKFzsk=", "id"=>"2"}
  [1m[36mPost Load (0.4ms)[0m  [1mSELECT "posts".* FROM "posts" WHERE "posts"."id" = $1 LIMIT 1[0m  [["id", "2"]]
  [1m[35m (0.1ms)[0m  BEGIN
  [1m[36mSQL (0.4ms)[0m  [1mDELETE FROM "posts" WHERE "posts"."id" = $1[0m  [["id", 2]]
  [1m[35m (0.4ms)[0m  COMMIT
Redirected to http://localhost:3000/admin/posts
Completed 302 Found in 4ms (ActiveRecord: 1.3ms)


Started GET "/admin/posts" for 127.0.0.1 at 2014-03-11 17:50:20 -0500
Processing by Admin::PostsController#index as HTML
  [1m[36m (0.4ms)[0m  [1mSELECT COUNT(*) FROM "posts"[0m
  [1m[35mPost Load (0.3ms)[0m  SELECT "posts".* FROM "posts"
  Rendered admin/posts/index.html.erb within layouts/application (2.8ms)
Completed 200 OK in 7ms (Views: 5.9ms | ActiveRecord: 0.7ms)


Started GET "/assets/jquery.js?body=1" for 127.0.0.1 at 2014-03-11 17:50:20 -0500


Started GET "/assets/jquery_ujs.js?body=1" for 127.0.0.1 at 2014-03-11 17:50:20 -0500


Started GET "/assets/application.js?body=1" for 127.0.0.1 at 2014-03-11 17:50:20 -0500


Started GET "/assets/turbolinks.js?body=1" for 127.0.0.1 at 2014-03-11 17:50:20 -0500


Started GET "/assets/application.css?body=1" for 127.0.0.1 at 2014-03-11 17:50:20 -0500


Started GET "/admin/posts/1/edit" for 127.0.0.1 at 2014-03-11 18:00:48 -0500
Processing by Admin::PostsController#edit as HTML
  Parameters: {"id"=>"1"}
  [1m[36mPost Load (0.5ms)[0m  [1mSELECT "posts".* FROM "posts" WHERE "posts"."id" = $1 LIMIT 1[0m  [["id", "1"]]
  Rendered admin/posts/_form.html.erb (2.0ms)
  Rendered admin/posts/edit.html.erb within layouts/application (3.3ms)
Completed 200 OK in 10ms (Views: 7.7ms | ActiveRecord: 0.5ms)


Started GET "/posts/1" for 127.0.0.1 at 2014-03-11 18:01:04 -0500
Processing by PostsController#show as HTML
  Parameters: {"id"=>"1"}
  [1m[35mPost Load (0.5ms)[0m  SELECT "posts".* FROM "posts" WHERE "posts"."id" = $1 LIMIT 1  [["id", "1"]]
  Rendered posts/show.html.erb within layouts/application (0.2ms)
Completed 200 OK in 7ms (Views: 4.4ms | ActiveRecord: 0.5ms)


Started GET "/admin/posts/1/edit" for 127.0.0.1 at 2014-03-11 18:01:35 -0500
Processing by Admin::PostsController#edit as HTML
  Parameters: {"id"=>"1"}
  [1m[36mPost Load (0.7ms)[0m  [1mSELECT "posts".* FROM "posts" WHERE "posts"."id" = $1 LIMIT 1[0m  [["id", "1"]]
  Rendered admin/posts/_form.html.erb (1.6ms)
  Rendered admin/posts/edit.html.erb within layouts/application (2.8ms)
Completed 200 OK in 9ms (Views: 7.1ms | ActiveRecord: 0.7ms)


Started PATCH "/admin/posts/1" for 127.0.0.1 at 2014-03-11 18:01:47 -0500
Processing by Admin::PostsController#update as HTML
  Parameters: {"utf8"=>"✓", "authenticity_token"=>"vMQlTLWfZN8DVRh6XhJS8S2Hg8acqGiocUmpjiKFzsk=", "post"=>{"title"=>"Test Post", "content"=>"hi eric", "is_published"=>"0"}, "commit"=>"Save", "id"=>"1"}
  [1m[35mPost Load (0.3ms)[0m  SELECT "posts".* FROM "posts" WHERE "posts"."id" = $1 LIMIT 1  [["id", "1"]]
  [1m[36m (0.1ms)[0m  [1mBEGIN[0m
  [1m[35mSQL (0.6ms)[0m  UPDATE "posts" SET "is_published" = $1, "updated_at" = $2 WHERE "posts"."id" = 1  [["is_published", false], ["updated_at", Tue, 11 Mar 2014 23:01:47 UTC +00:00]]
  [1m[36m (15.5ms)[0m  [1mCOMMIT[0m
Redirected to http://localhost:3000/admin/posts/1
Completed 302 Found in 22ms (ActiveRecord: 16.5ms)


Started GET "/admin/posts/1" for 127.0.0.1 at 2014-03-11 18:01:47 -0500
Processing by Admin::PostsController#show as HTML
  Parameters: {"id"=>"1"}
  [1m[35mPost Load (0.3ms)[0m  SELECT "posts".* FROM "posts" WHERE "posts"."id" = $1 LIMIT 1  [["id", "1"]]
  Rendered admin/posts/show.html.erb within layouts/application (0.8ms)
Completed 200 OK in 6ms (Views: 4.8ms | ActiveRecord: 0.3ms)


Started GET "/assets/application.css?body=1" for 127.0.0.1 at 2014-03-11 18:01:47 -0500


Started GET "/assets/jquery.js?body=1" for 127.0.0.1 at 2014-03-11 18:01:47 -0500


Started GET "/assets/jquery_ujs.js?body=1" for 127.0.0.1 at 2014-03-11 18:01:47 -0500


Started GET "/assets/turbolinks.js?body=1" for 127.0.0.1 at 2014-03-11 18:01:47 -0500


Started GET "/assets/application.js?body=1" for 127.0.0.1 at 2014-03-11 18:01:47 -0500


Started GET "/admin/posts/1" for 127.0.0.1 at 2014-03-11 18:04:57 -0500
Processing by Admin::PostsController#show as HTML
  Parameters: {"id"=>"1"}
  [1m[36mPost Load (0.3ms)[0m  [1mSELECT "posts".* FROM "posts" WHERE "posts"."id" = $1 LIMIT 1[0m  [["id", "1"]]
  Rendered admin/posts/show.html.erb within layouts/application (0.9ms)
Completed 200 OK in 7ms (Views: 4.9ms | ActiveRecord: 0.3ms)


Started GET "/assets/application.css?body=1" for 127.0.0.1 at 2014-03-11 18:04:57 -0500


Started GET "/assets/jquery.js?body=1" for 127.0.0.1 at 2014-03-11 18:04:57 -0500


Started GET "/assets/jquery_ujs.js?body=1" for 127.0.0.1 at 2014-03-11 18:04:57 -0500


Started GET "/assets/turbolinks.js?body=1" for 127.0.0.1 at 2014-03-11 18:04:57 -0500


Started GET "/assets/application.js?body=1" for 127.0.0.1 at 2014-03-11 18:04:57 -0500


Started GET "/admin/posts/" for 127.0.0.1 at 2014-03-11 18:04:59 -0500
Processing by Admin::PostsController#index as HTML
  [1m[35m (0.4ms)[0m  SELECT COUNT(*) FROM "posts"
  [1m[36mPost Load (0.3ms)[0m  [1mSELECT "posts".* FROM "posts"[0m
  Rendered admin/posts/index.html.erb within layouts/application (2.8ms)
Completed 200 OK in 8ms (Views: 6.6ms | ActiveRecord: 0.7ms)


Started GET "/assets/application.css?body=1" for 127.0.0.1 at 2014-03-11 18:04:59 -0500


Started GET "/assets/turbolinks.js?body=1" for 127.0.0.1 at 2014-03-11 18:04:59 -0500


Started GET "/assets/jquery.js?body=1" for 127.0.0.1 at 2014-03-11 18:04:59 -0500


Started GET "/assets/jquery_ujs.js?body=1" for 127.0.0.1 at 2014-03-11 18:04:59 -0500


Started GET "/assets/application.js?body=1" for 127.0.0.1 at 2014-03-11 18:04:59 -0500


Started GET "/admin/posts/1/edit" for 127.0.0.1 at 2014-03-11 18:05:03 -0500
Processing by Admin::PostsController#edit as HTML
  Parameters: {"id"=>"1"}
  [1m[35mPost Load (0.4ms)[0m  SELECT "posts".* FROM "posts" WHERE "posts"."id" = $1 LIMIT 1  [["id", "1"]]
  Rendered admin/posts/_form.html.erb (2.3ms)
  Rendered admin/posts/edit.html.erb within layouts/application (3.7ms)
Completed 200 OK in 10ms (Views: 8.0ms | ActiveRecord: 0.4ms)


Started PATCH "/admin/posts/1" for 127.0.0.1 at 2014-03-11 18:06:01 -0500
Processing by Admin::PostsController#update as HTML
  Parameters: {"utf8"=>"✓", "authenticity_token"=>"vMQlTLWfZN8DVRh6XhJS8S2Hg8acqGiocUmpjiKFzsk=", "post"=>{"title"=>"Test Post", "content"=>"hi eric", "is_published"=>"0"}, "commit"=>"Save", "id"=>"1"}
  [1m[36mPost Load (0.5ms)[0m  [1mSELECT "posts".* FROM "posts" WHERE "posts"."id" = $1 LIMIT 1[0m  [["id", "1"]]
  [1m[35m (0.2ms)[0m  BEGIN
  [1m[36m (0.1ms)[0m  [1mCOMMIT[0m
Redirected to http://localhost:3000/admin/posts/1
Completed 302 Found in 5ms (ActiveRecord: 0.8ms)


Started GET "/admin/posts/1" for 127.0.0.1 at 2014-03-11 18:06:01 -0500
Processing by Admin::PostsController#show as HTML
  Parameters: {"id"=>"1"}
  [1m[35mPost Load (0.3ms)[0m  SELECT "posts".* FROM "posts" WHERE "posts"."id" = $1 LIMIT 1  [["id", "1"]]
  Rendered admin/posts/show.html.erb within layouts/application (0.7ms)
Completed 200 OK in 6ms (Views: 4.7ms | ActiveRecord: 0.3ms)


Started GET "/assets/jquery.js?body=1" for 127.0.0.1 at 2014-03-11 18:06:01 -0500


Started GET "/assets/jquery_ujs.js?body=1" for 127.0.0.1 at 2014-03-11 18:06:01 -0500


Started GET "/assets/application.css?body=1" for 127.0.0.1 at 2014-03-11 18:06:01 -0500


Started GET "/assets/turbolinks.js?body=1" for 127.0.0.1 at 2014-03-11 18:06:01 -0500


Started GET "/assets/application.js?body=1" for 127.0.0.1 at 2014-03-11 18:06:01 -0500


Started GET "/admin/posts/1/edit" for 127.0.0.1 at 2014-03-11 18:08:11 -0500
Processing by Admin::PostsController#edit as HTML
  Parameters: {"id"=>"1"}
  [1m[36mPost Load (0.4ms)[0m  [1mSELECT "posts".* FROM "posts" WHERE "posts"."id" = $1 LIMIT 1[0m  [["id", "1"]]
  Rendered admin/posts/_form.html.erb (1.3ms)
  Rendered admin/posts/edit.html.erb within layouts/application (2.5ms)
Completed 200 OK in 9ms (Views: 7.4ms | ActiveRecord: 0.4ms)


Started PATCH "/admin/posts/1" for 127.0.0.1 at 2014-03-11 18:09:33 -0500
Processing by Admin::PostsController#update as HTML
  Parameters: {"utf8"=>"✓", "authenticity_token"=>"vMQlTLWfZN8DVRh6XhJS8S2Hg8acqGiocUmpjiKFzsk=", "post"=>{"title"=>"Test Post", "content"=>"hi eric", "is_published"=>"0"}, "commit"=>"Save", "id"=>"1"}
  [1m[35mPost Load (0.4ms)[0m  SELECT "posts".* FROM "posts" WHERE "posts"."id" = $1 LIMIT 1  [["id", "1"]]
  [1m[36m (0.1ms)[0m  [1mBEGIN[0m
  [1m[35m (0.2ms)[0m  COMMIT
Redirected to http://localhost:3000/admin/posts/1
Completed 302 Found in 4ms (ActiveRecord: 0.7ms)


Started GET "/admin/posts/1" for 127.0.0.1 at 2014-03-11 18:09:33 -0500
Processing by Admin::PostsController#show as HTML
  Parameters: {"id"=>"1"}
  [1m[36mPost Load (0.3ms)[0m  [1mSELECT "posts".* FROM "posts" WHERE "posts"."id" = $1 LIMIT 1[0m  [["id", "1"]]
  Rendered admin/posts/show.html.erb within layouts/application (0.5ms)
Completed 200 OK in 5ms (Views: 3.9ms | ActiveRecord: 0.3ms)


Started GET "/assets/turbolinks.js?body=1" for 127.0.0.1 at 2014-03-11 18:09:33 -0500


Started GET "/assets/jquery_ujs.js?body=1" for 127.0.0.1 at 2014-03-11 18:09:33 -0500


Started GET "/assets/application.css?body=1" for 127.0.0.1 at 2014-03-11 18:09:33 -0500


Started GET "/assets/application.js?body=1" for 127.0.0.1 at 2014-03-11 18:09:33 -0500


Started GET "/assets/jquery.js?body=1" for 127.0.0.1 at 2014-03-11 18:09:33 -0500


Started GET "/admin/posts" for 127.0.0.1 at 2014-03-11 18:12:12 -0500
Processing by Admin::PostsController#index as HTML
  [1m[35m (0.5ms)[0m  SELECT COUNT(*) FROM "posts"
  [1m[36mPost Load (0.4ms)[0m  [1mSELECT "posts".* FROM "posts"[0m
  Rendered admin/posts/index.html.erb within layouts/application (4.5ms)
Completed 200 OK in 9ms (Views: 7.2ms | ActiveRecord: 0.9ms)


Started GET "/admin/posts/new" for 127.0.0.1 at 2014-03-11 18:12:13 -0500
Processing by Admin::PostsController#new as HTML
  Rendered admin/posts/_form.html.erb (2.2ms)
  Rendered admin/posts/new.html.erb within layouts/application (4.5ms)
Completed 200 OK in 10ms (Views: 9.3ms | ActiveRecord: 0.0ms)


Started GET "/admin/posts" for 127.0.0.1 at 2014-03-11 18:21:05 -0500
Processing by Admin::PostsController#index as HTML
  [1m[35m (0.4ms)[0m  SELECT COUNT(*) FROM "posts"
  [1m[36mPost Load (0.6ms)[0m  [1mSELECT "posts".* FROM "posts"[0m
  Rendered admin/posts/index.html.erb within layouts/application (3.9ms)
Completed 200 OK in 10ms (Views: 7.9ms | ActiveRecord: 1.0ms)


Started GET "/posts/1" for 127.0.0.1 at 2014-03-11 18:21:07 -0500
Processing by PostsController#show as HTML
  Parameters: {"id"=>"1"}
  [1m[35mPost Load (0.4ms)[0m  SELECT "posts".* FROM "posts" WHERE "posts"."id" = $1 LIMIT 1  [["id", "1"]]
  Rendered posts/show.html.erb within layouts/application (0.3ms)
Completed 200 OK in 8ms (Views: 5.7ms | ActiveRecord: 0.4ms)


Started GET "/admin/posts/1/edit" for 127.0.0.1 at 2014-03-11 18:21:11 -0500
Processing by Admin::PostsController#edit as HTML
  Parameters: {"id"=>"1"}
  [1m[36mPost Load (0.4ms)[0m  [1mSELECT "posts".* FROM "posts" WHERE "posts"."id" = $1 LIMIT 1[0m  [["id", "1"]]
  Rendered admin/posts/_form.html.erb (2.1ms)
  Rendered admin/posts/edit.html.erb within layouts/application (3.4ms)
Completed 200 OK in 10ms (Views: 8.0ms | ActiveRecord: 0.4ms)


Started GET "/admin/posts/new" for 127.0.0.1 at 2014-03-11 18:21:14 -0500
Processing by Admin::PostsController#new as HTML
  Rendered admin/posts/_form.html.erb (1.7ms)
  Rendered admin/posts/new.html.erb within layouts/application (4.1ms)
Completed 200 OK in 10ms (Views: 8.7ms | ActiveRecord: 0.0ms)


Started GET "/admin/posts" for 127.0.0.1 at 2014-03-11 18:23:34 -0500
Processing by Admin::PostsController#index as HTML
  [1m[35m (0.5ms)[0m  SELECT COUNT(*) FROM "posts"
  [1m[36mPost Load (0.4ms)[0m  [1mSELECT "posts".* FROM "posts"[0m
  Rendered admin/posts/index.html.erb within layouts/application (3.3ms)
Completed 200 OK in 8ms (Views: 6.2ms | ActiveRecord: 0.9ms)


Started GET "/posts/1" for 127.0.0.1 at 2014-03-11 18:24:50 -0500
Processing by PostsController#show as HTML
  Parameters: {"id"=>"1"}
  [1m[35mPost Load (0.4ms)[0m  SELECT "posts".* FROM "posts" WHERE "posts"."id" = $1 LIMIT 1  [["id", "1"]]
  Rendered posts/show.html.erb within layouts/application (0.2ms)
Completed 200 OK in 7ms (Views: 5.3ms | ActiveRecord: 0.4ms)


Started GET "/admin/posts/1/edit" for 127.0.0.1 at 2014-03-11 18:25:01 -0500
Processing by Admin::PostsController#edit as HTML
  Parameters: {"id"=>"1"}
  [1m[36mPost Load (0.4ms)[0m  [1mSELECT "posts".* FROM "posts" WHERE "posts"."id" = $1 LIMIT 1[0m  [["id", "1"]]
  Rendered admin/posts/_form.html.erb (1.9ms)
  Rendered admin/posts/edit.html.erb within layouts/application (3.2ms)
Completed 200 OK in 9ms (Views: 7.7ms | ActiveRecord: 0.4ms)


Started GET "/posts/1/edit" for 127.0.0.1 at 2014-03-11 18:27:20 -0500

AbstractController::ActionNotFound (The action 'edit' could not be found for PostsController):
  actionpack (4.0.2) lib/abstract_controller/base.rb:131:in `process'
  actionpack (4.0.2) lib/abstract_controller/rendering.rb:44:in `process'
  actionpack (4.0.2) lib/action_controller/metal.rb:195:in `dispatch'
  actionpack (4.0.2) lib/action_controller/metal/rack_delegation.rb:13:in `dispatch'
  actionpack (4.0.2) lib/action_controller/metal.rb:231:in `block in action'
  actionpack (4.0.2) lib/action_dispatch/routing/route_set.rb:80:in `call'
  actionpack (4.0.2) lib/action_dispatch/routing/route_set.rb:80:in `dispatch'
  actionpack (4.0.2) lib/action_dispatch/routing/route_set.rb:48:in `call'
  actionpack (4.0.2) lib/action_dispatch/journey/router.rb:71:in `block in call'
  actionpack (4.0.2) lib/action_dispatch/journey/router.rb:59:in `each'
  actionpack (4.0.2) lib/action_dispatch/journey/router.rb:59:in `call'
  actionpack (4.0.2) lib/action_dispatch/routing/route_set.rb:680:in `call'
  rack (1.5.2) lib/rack/etag.rb:23:in `call'
  rack (1.5.2) lib/rack/conditionalget.rb:25:in `call'
  rack (1.5.2) lib/rack/head.rb:11:in `call'
  actionpack (4.0.2) lib/action_dispatch/middleware/params_parser.rb:27:in `call'
  actionpack (4.0.2) lib/action_dispatch/middleware/flash.rb:241:in `call'
  rack (1.5.2) lib/rack/session/abstract/id.rb:225:in `context'
  rack (1.5.2) lib/rack/session/abstract/id.rb:220:in `call'
  actionpack (4.0.2) lib/action_dispatch/middleware/cookies.rb:486:in `call'
  activerecord (4.0.2) lib/active_record/query_cache.rb:36:in `call'
  activerecord (4.0.2) lib/active_record/connection_adapters/abstract/connection_pool.rb:626:in `call'
  activerecord (4.0.2) lib/active_record/migration.rb:369:in `call'
  actionpack (4.0.2) lib/action_dispatch/middleware/callbacks.rb:29:in `block in call'
  activesupport (4.0.2) lib/active_support/callbacks.rb:373:in `_run__1613916512692703746__call__callbacks'
  activesupport (4.0.2) lib/active_support/callbacks.rb:80:in `run_callbacks'
  actionpack (4.0.2) lib/action_dispatch/middleware/callbacks.rb:27:in `call'
  actionpack (4.0.2) lib/action_dispatch/middleware/reloader.rb:64:in `call'
  actionpack (4.0.2) lib/action_dispatch/middleware/remote_ip.rb:76:in `call'
  actionpack (4.0.2) lib/action_dispatch/middleware/debug_exceptions.rb:17:in `call'
  actionpack (4.0.2) lib/action_dispatch/middleware/show_exceptions.rb:30:in `call'
  railties (4.0.2) lib/rails/rack/logger.rb:38:in `call_app'
  railties (4.0.2) lib/rails/rack/logger.rb:20:in `block in call'
  activesupport (4.0.2) lib/active_support/tagged_logging.rb:67:in `block in tagged'
  activesupport (4.0.2) lib/active_support/tagged_logging.rb:25:in `tagged'
  activesupport (4.0.2) lib/active_support/tagged_logging.rb:67:in `tagged'
  railties (4.0.2) lib/rails/rack/logger.rb:20:in `call'
  actionpack (4.0.2) lib/action_dispatch/middleware/request_id.rb:21:in `call'
  rack (1.5.2) lib/rack/methodoverride.rb:21:in `call'
  rack (1.5.2) lib/rack/runtime.rb:17:in `call'
  activesupport (4.0.2) lib/active_support/cache/strategy/local_cache.rb:83:in `call'
  rack (1.5.2) lib/rack/lock.rb:17:in `call'
  actionpack (4.0.2) lib/action_dispatch/middleware/static.rb:64:in `call'
  rack (1.5.2) lib/rack/sendfile.rb:112:in `call'
  railties (4.0.2) lib/rails/engine.rb:511:in `call'
  railties (4.0.2) lib/rails/application.rb:97:in `call'
  rack (1.5.2) lib/rack/lock.rb:17:in `call'
  rack (1.5.2) lib/rack/content_length.rb:14:in `call'
  rack (1.5.2) lib/rack/handler/webrick.rb:60:in `service'
  /Users/apprentice/.rbenv/versions/2.0.0-p353/lib/ruby/2.0.0/webrick/httpserver.rb:138:in `service'
  /Users/apprentice/.rbenv/versions/2.0.0-p353/lib/ruby/2.0.0/webrick/httpserver.rb:94:in `run'
  /Users/apprentice/.rbenv/versions/2.0.0-p353/lib/ruby/2.0.0/webrick/server.rb:295:in `block in start_thread'


  Rendered /Users/apprentice/.rbenv/versions/2.0.0-p353/lib/ruby/gems/2.0.0/gems/actionpack-4.0.2/lib/action_dispatch/middleware/templates/rescues/unknown_action.erb within rescues/layout (0.5ms)


Started GET "/admin/posts/1/show" for 127.0.0.1 at 2014-03-11 18:28:13 -0500

ActionController::RoutingError (No route matches [GET] "/admin/posts/1/show"):
  actionpack (4.0.2) lib/action_dispatch/middleware/debug_exceptions.rb:21:in `call'
  actionpack (4.0.2) lib/action_dispatch/middleware/show_exceptions.rb:30:in `call'
  railties (4.0.2) lib/rails/rack/logger.rb:38:in `call_app'
  railties (4.0.2) lib/rails/rack/logger.rb:20:in `block in call'
  activesupport (4.0.2) lib/active_support/tagged_logging.rb:67:in `block in tagged'
  activesupport (4.0.2) lib/active_support/tagged_logging.rb:25:in `tagged'
  activesupport (4.0.2) lib/active_support/tagged_logging.rb:67:in `tagged'
  railties (4.0.2) lib/rails/rack/logger.rb:20:in `call'
  actionpack (4.0.2) lib/action_dispatch/middleware/request_id.rb:21:in `call'
  rack (1.5.2) lib/rack/methodoverride.rb:21:in `call'
  rack (1.5.2) lib/rack/runtime.rb:17:in `call'
  activesupport (4.0.2) lib/active_support/cache/strategy/local_cache.rb:83:in `call'
  rack (1.5.2) lib/rack/lock.rb:17:in `call'
  actionpack (4.0.2) lib/action_dispatch/middleware/static.rb:64:in `call'
  rack (1.5.2) lib/rack/sendfile.rb:112:in `call'
  railties (4.0.2) lib/rails/engine.rb:511:in `call'
  railties (4.0.2) lib/rails/application.rb:97:in `call'
  rack (1.5.2) lib/rack/lock.rb:17:in `call'
  rack (1.5.2) lib/rack/content_length.rb:14:in `call'
  rack (1.5.2) lib/rack/handler/webrick.rb:60:in `service'
  /Users/apprentice/.rbenv/versions/2.0.0-p353/lib/ruby/2.0.0/webrick/httpserver.rb:138:in `service'
  /Users/apprentice/.rbenv/versions/2.0.0-p353/lib/ruby/2.0.0/webrick/httpserver.rb:94:in `run'
  /Users/apprentice/.rbenv/versions/2.0.0-p353/lib/ruby/2.0.0/webrick/server.rb:295:in `block in start_thread'


  Rendered /Users/apprentice/.rbenv/versions/2.0.0-p353/lib/ruby/gems/2.0.0/gems/actionpack-4.0.2/lib/action_dispatch/middleware/templates/rescues/_trace.erb (1.0ms)
  Rendered /Users/apprentice/.rbenv/versions/2.0.0-p353/lib/ruby/gems/2.0.0/gems/actionpack-4.0.2/lib/action_dispatch/middleware/templates/routes/_route.html.erb (1.8ms)
  Rendered /Users/apprentice/.rbenv/versions/2.0.0-p353/lib/ruby/gems/2.0.0/gems/actionpack-4.0.2/lib/action_dispatch/middleware/templates/routes/_table.html.erb (1.0ms)
  Rendered /Users/apprentice/.rbenv/versions/2.0.0-p353/lib/ruby/gems/2.0.0/gems/actionpack-4.0.2/lib/action_dispatch/middleware/templates/rescues/routing_error.erb within rescues/layout (24.9ms)


Started GET "/admin/posts/1/" for 127.0.0.1 at 2014-03-11 18:28:22 -0500
Processing by Admin::PostsController#show as HTML
  Parameters: {"id"=>"1"}
  [1m[35mPost Load (0.4ms)[0m  SELECT "posts".* FROM "posts" WHERE "posts"."id" = $1 LIMIT 1  [["id", "1"]]
  Rendered admin/posts/show.html.erb within layouts/application (1.0ms)
Completed 200 OK in 8ms (Views: 6.1ms | ActiveRecord: 0.4ms)


Started GET "/assets/jquery.js?body=1" for 127.0.0.1 at 2014-03-11 18:28:22 -0500


Started GET "/assets/jquery_ujs.js?body=1" for 127.0.0.1 at 2014-03-11 18:28:22 -0500


Started GET "/assets/turbolinks.js?body=1" for 127.0.0.1 at 2014-03-11 18:28:22 -0500


Started GET "/assets/application.css?body=1" for 127.0.0.1 at 2014-03-11 18:28:22 -0500


Started GET "/assets/application.js?body=1" for 127.0.0.1 at 2014-03-11 18:28:22 -0500


Started GET "/admin/posts/1/edit" for 127.0.0.1 at 2014-03-11 18:28:45 -0500
Processing by Admin::PostsController#edit as HTML
  Parameters: {"id"=>"1"}
  [1m[36mPost Load (0.4ms)[0m  [1mSELECT "posts".* FROM "posts" WHERE "posts"."id" = $1 LIMIT 1[0m  [["id", "1"]]
  Rendered admin/posts/_form.html.erb (1.8ms)
  Rendered admin/posts/edit.html.erb within layouts/application (3.1ms)
Completed 200 OK in 8ms (Views: 6.6ms | ActiveRecord: 0.4ms)


Started GET "/admin/posts/2/edit" for 127.0.0.1 at 2014-03-11 18:28:49 -0500
Processing by Admin::PostsController#edit as HTML
  Parameters: {"id"=>"2"}
  [1m[35mPost Load (0.4ms)[0m  SELECT "posts".* FROM "posts" WHERE "posts"."id" = $1 LIMIT 1  [["id", "2"]]
Completed 404 Not Found in 2ms

ActiveRecord::RecordNotFound (Couldn't find Post with id=2):
  app/controllers/admin/posts_controller.rb:28:in `edit'


  Rendered /Users/apprentice/.rbenv/versions/2.0.0-p353/lib/ruby/gems/2.0.0/gems/actionpack-4.0.2/lib/action_dispatch/middleware/templates/rescues/_source.erb (1.3ms)
  Rendered /Users/apprentice/.rbenv/versions/2.0.0-p353/lib/ruby/gems/2.0.0/gems/actionpack-4.0.2/lib/action_dispatch/middleware/templates/rescues/_trace.erb (1.2ms)
  Rendered /Users/apprentice/.rbenv/versions/2.0.0-p353/lib/ruby/gems/2.0.0/gems/actionpack-4.0.2/lib/action_dispatch/middleware/templates/rescues/_request_and_response.erb (1.1ms)
  Rendered /Users/apprentice/.rbenv/versions/2.0.0-p353/lib/ruby/gems/2.0.0/gems/actionpack-4.0.2/lib/action_dispatch/middleware/templates/rescues/diagnostics.erb within rescues/layout (31.7ms)


Started GET "/admin/posts" for 127.0.0.1 at 2014-03-11 18:28:55 -0500
Processing by Admin::PostsController#index as HTML
  [1m[36m (0.4ms)[0m  [1mSELECT COUNT(*) FROM "posts"[0m
  [1m[35mPost Load (0.3ms)[0m  SELECT "posts".* FROM "posts"
  Rendered admin/posts/index.html.erb within layouts/application (3.2ms)
Completed 200 OK in 8ms (Views: 6.8ms | ActiveRecord: 0.7ms)


Started GET "/assets/jquery_ujs.js?body=1" for 127.0.0.1 at 2014-03-11 18:28:55 -0500


Started GET "/assets/application.css?body=1" for 127.0.0.1 at 2014-03-11 18:28:55 -0500


Started GET "/assets/jquery.js?body=1" for 127.0.0.1 at 2014-03-11 18:28:55 -0500


Started GET "/assets/application.js?body=1" for 127.0.0.1 at 2014-03-11 18:28:55 -0500


Started GET "/assets/turbolinks.js?body=1" for 127.0.0.1 at 2014-03-11 18:28:55 -0500


Started GET "/admin/posts/new" for 127.0.0.1 at 2014-03-11 18:28:56 -0500
Processing by Admin::PostsController#new as HTML
  Rendered admin/posts/_form.html.erb (2.3ms)
  Rendered admin/posts/new.html.erb within layouts/application (3.5ms)
Completed 200 OK in 8ms (Views: 7.3ms | ActiveRecord: 0.0ms)


Started POST "/admin/posts" for 127.0.0.1 at 2014-03-11 18:28:58 -0500
Processing by Admin::PostsController#create as HTML
  Parameters: {"utf8"=>"✓", "authenticity_token"=>"vMQlTLWfZN8DVRh6XhJS8S2Hg8acqGiocUmpjiKFzsk=", "post"=>{"title"=>"asdas", "content"=>"asdasd", "is_published"=>"0"}, "commit"=>"Save"}
  [1m[36m (0.2ms)[0m  [1mBEGIN[0m
  [1m[35mSQL (0.7ms)[0m  INSERT INTO "posts" ("content", "created_at", "title", "updated_at") VALUES ($1, $2, $3, $4) RETURNING "id"  [["content", "asdasd"], ["created_at", Tue, 11 Mar 2014 23:28:58 UTC +00:00], ["title", "Asdas"], ["updated_at", Tue, 11 Mar 2014 23:28:58 UTC +00:00]]
  [1m[36m (16.6ms)[0m  [1mCOMMIT[0m
Redirected to http://localhost:3000/admin/posts/3
Completed 302 Found in 22ms (ActiveRecord: 17.4ms)


Started GET "/admin/posts/3" for 127.0.0.1 at 2014-03-11 18:28:58 -0500
Processing by Admin::PostsController#show as HTML
  Parameters: {"id"=>"3"}
  [1m[35mPost Load (0.3ms)[0m  SELECT "posts".* FROM "posts" WHERE "posts"."id" = $1 LIMIT 1  [["id", "3"]]
  Rendered admin/posts/show.html.erb within layouts/application (0.5ms)
Completed 200 OK in 5ms (Views: 3.5ms | ActiveRecord: 0.3ms)


Started GET "/assets/application.css?body=1" for 127.0.0.1 at 2014-03-11 18:28:58 -0500


Started GET "/assets/turbolinks.js?body=1" for 127.0.0.1 at 2014-03-11 18:28:58 -0500


Started GET "/assets/jquery.js?body=1" for 127.0.0.1 at 2014-03-11 18:28:58 -0500


Started GET "/assets/jquery_ujs.js?body=1" for 127.0.0.1 at 2014-03-11 18:28:58 -0500


Started GET "/assets/application.js?body=1" for 127.0.0.1 at 2014-03-11 18:28:58 -0500


Started GET "/admin/posts/3/edit" for 127.0.0.1 at 2014-03-11 18:29:02 -0500
Processing by Admin::PostsController#edit as HTML
  Parameters: {"id"=>"3"}
  [1m[36mPost Load (0.4ms)[0m  [1mSELECT "posts".* FROM "posts" WHERE "posts"."id" = $1 LIMIT 1[0m  [["id", "3"]]
  Rendered admin/posts/_form.html.erb (2.3ms)
  Rendered admin/posts/edit.html.erb within layouts/application (4.0ms)
Completed 200 OK in 11ms (Views: 8.8ms | ActiveRecord: 0.4ms)


Started GET "/assets/application.css?body=1" for 127.0.0.1 at 2014-03-11 18:29:02 -0500


Started GET "/assets/application.js?body=1" for 127.0.0.1 at 2014-03-11 18:29:02 -0500


Started GET "/assets/turbolinks.js?body=1" for 127.0.0.1 at 2014-03-11 18:29:02 -0500


Started GET "/assets/jquery.js?body=1" for 127.0.0.1 at 2014-03-11 18:29:02 -0500


Started GET "/assets/jquery_ujs.js?body=1" for 127.0.0.1 at 2014-03-11 18:29:02 -0500


Started GET "/posts" for 127.0.0.1 at 2014-03-11 18:30:54 -0500
Processing by PostsController#index as HTML
  [1m[35m (0.5ms)[0m  SELECT COUNT(*) FROM "posts"
  [1m[36mPost Load (0.3ms)[0m  [1mSELECT "posts".* FROM "posts"[0m
  Rendered posts/index.html.erb within layouts/application (3.4ms)
Completed 200 OK in 8ms (Views: 6.5ms | ActiveRecord: 0.7ms)


Started GET "/assets/application.css?body=1" for 127.0.0.1 at 2014-03-11 18:30:54 -0500


Started GET "/assets/jquery_ujs.js?body=1" for 127.0.0.1 at 2014-03-11 18:30:54 -0500


Started GET "/assets/jquery.js?body=1" for 127.0.0.1 at 2014-03-11 18:30:54 -0500


Started GET "/assets/application.js?body=1" for 127.0.0.1 at 2014-03-11 18:30:54 -0500


Started GET "/assets/turbolinks.js?body=1" for 127.0.0.1 at 2014-03-11 18:30:54 -0500


Started GET "/posts/3" for 127.0.0.1 at 2014-03-11 18:31:19 -0500
Processing by PostsController#show as HTML
  Parameters: {"id"=>"3"}
  [1m[35mPost Load (0.4ms)[0m  SELECT "posts".* FROM "posts" WHERE "posts"."id" = $1 LIMIT 1  [["id", "3"]]
  Rendered posts/show.html.erb within layouts/application (0.2ms)
Completed 200 OK in 7ms (Views: 5.4ms | ActiveRecord: 0.4ms)


Started GET "/posts/3" for 127.0.0.1 at 2014-03-11 18:32:42 -0500
Processing by PostsController#show as HTML
  Parameters: {"id"=>"3"}
  [1m[36mPost Load (0.6ms)[0m  [1mSELECT "posts".* FROM "posts" WHERE "posts"."id" = $1 LIMIT 1[0m  [["id", "3"]]
  Rendered posts/show.html.erb within layouts/application (0.4ms)
Completed 200 OK in 8ms (Views: 5.5ms | ActiveRecord: 0.6ms)


Started GET "/posts/3" for 127.0.0.1 at 2014-03-11 18:36:17 -0500
Processing by PostsController#show as HTML
  Parameters: {"id"=>"3"}
  [1m[35mPost Load (0.4ms)[0m  SELECT "posts".* FROM "posts" WHERE "posts"."id" = $1 LIMIT 1  [["id", "3"]]
  Rendered posts/show.html.erb within layouts/application (0.1ms)
Completed 200 OK in 4ms (Views: 3.0ms | ActiveRecord: 0.4ms)


Started GET "/posts/1" for 127.0.0.1 at 2014-03-11 18:50:22 -0500
Processing by PostsController#show as HTML
  Parameters: {"id"=>"1"}
  [1m[36mPost Load (0.4ms)[0m  [1mSELECT "posts".* FROM "posts" WHERE "posts"."id" = $1 LIMIT 1[0m  [["id", "1"]]
  Rendered posts/show.html.erb within layouts/application (0.1ms)
Completed 200 OK in 5ms (Views: 3.1ms | ActiveRecord: 0.4ms)


Started GET "/posts/1" for 127.0.0.1 at 2014-03-11 18:50:51 -0500
Processing by PostsController#show as HTML
  Parameters: {"id"=>"1"}
  [1m[35mPost Load (0.4ms)[0m  SELECT "posts".* FROM "posts" WHERE "posts"."id" = $1 LIMIT 1  [["id", "1"]]
  Rendered posts/show.html.erb within layouts/application (0.3ms)
Completed 200 OK in 7ms (Views: 4.9ms | ActiveRecord: 0.4ms)


Started GET "/admin/posts" for 127.0.0.1 at 2014-03-11 18:51:34 -0500
Processing by Admin::PostsController#index as HTML
  [1m[36m (0.4ms)[0m  [1mSELECT COUNT(*) FROM "posts"[0m
  [1m[35mPost Load (0.5ms)[0m  SELECT "posts".* FROM "posts"
  Rendered admin/posts/index.html.erb within layouts/application (3.9ms)
Completed 200 OK in 10ms (Views: 8.0ms | ActiveRecord: 0.9ms)


Started GET "/admin/posts" for 127.0.0.1 at 2014-03-11 18:53:58 -0500
Processing by Admin::PostsController#index as HTML
  [1m[36m (0.4ms)[0m  [1mSELECT COUNT(*) FROM "posts"[0m
  [1m[35mPost Load (0.4ms)[0m  SELECT "posts".* FROM "posts"
  Rendered admin/posts/index.html.erb within layouts/application (3.1ms)
Completed 200 OK in 7ms (Views: 5.5ms | ActiveRecord: 0.8ms)


Started GET "/assets/application.css?body=1" for 127.0.0.1 at 2014-03-11 18:53:58 -0500


Started GET "/assets/jquery.js?body=1" for 127.0.0.1 at 2014-03-11 18:53:58 -0500


Started GET "/assets/jquery_ujs.js?body=1" for 127.0.0.1 at 2014-03-11 18:53:58 -0500


Started GET "/assets/turbolinks.js?body=1" for 127.0.0.1 at 2014-03-11 18:53:58 -0500


Started GET "/assets/application.js?body=1" for 127.0.0.1 at 2014-03-11 18:53:58 -0500


Started GET "/admin/posts" for 127.0.0.1 at 2014-03-11 18:54:45 -0500
Processing by Admin::PostsController#index as HTML
  [1m[36m (0.4ms)[0m  [1mSELECT COUNT(*) FROM "posts"[0m
  [1m[35mPost Load (0.4ms)[0m  SELECT "posts".* FROM "posts"
  Rendered admin/posts/index.html.erb within layouts/application (3.3ms)
Completed 200 OK in 8ms (Views: 6.5ms | ActiveRecord: 0.8ms)


Started GET "/assets/jquery_ujs.js?body=1" for 127.0.0.1 at 2014-03-11 18:54:45 -0500


Started GET "/assets/turbolinks.js?body=1" for 127.0.0.1 at 2014-03-11 18:54:45 -0500


Started GET "/assets/jquery.js?body=1" for 127.0.0.1 at 2014-03-11 18:54:45 -0500


Started GET "/assets/application.css?body=1" for 127.0.0.1 at 2014-03-11 18:54:45 -0500


Started GET "/assets/application.js?body=1" for 127.0.0.1 at 2014-03-11 18:54:45 -0500


Started GET "/admin/posts/3/edit" for 127.0.0.1 at 2014-03-11 18:55:13 -0500
Processing by Admin::PostsController#edit as HTML
  Parameters: {"id"=>"3"}
  [1m[36mPost Load (0.4ms)[0m  [1mSELECT "posts".* FROM "posts" WHERE "posts"."id" = $1 LIMIT 1[0m  [["id", "3"]]
  Rendered admin/posts/_form.html.erb (2.1ms)
  Rendered admin/posts/edit.html.erb within layouts/application (3.1ms)
Completed 200 OK in 9ms (Views: 7.6ms | ActiveRecord: 0.4ms)


Started GET "/assets/application.css?body=1" for 127.0.0.1 at 2014-03-11 18:55:13 -0500


Started GET "/assets/jquery_ujs.js?body=1" for 127.0.0.1 at 2014-03-11 18:55:14 -0500


Started GET "/assets/application.js?body=1" for 127.0.0.1 at 2014-03-11 18:55:14 -0500


Started GET "/assets/turbolinks.js?body=1" for 127.0.0.1 at 2014-03-11 18:55:14 -0500


Started GET "/assets/jquery.js?body=1" for 127.0.0.1 at 2014-03-11 18:55:14 -0500


Started GET "/admin/posts/3" for 127.0.0.1 at 2014-03-11 18:55:21 -0500
Processing by Admin::PostsController#show as HTML
  Parameters: {"id"=>"3"}
  [1m[35mPost Load (0.4ms)[0m  SELECT "posts".* FROM "posts" WHERE "posts"."id" = $1 LIMIT 1  [["id", "3"]]
  Rendered admin/posts/show.html.erb within layouts/application (0.8ms)
Completed 200 OK in 7ms (Views: 5.4ms | ActiveRecord: 0.4ms)


Started GET "/assets/application.css?body=1" for 127.0.0.1 at 2014-03-11 18:55:21 -0500


Started GET "/assets/turbolinks.js?body=1" for 127.0.0.1 at 2014-03-11 18:55:21 -0500


Started GET "/assets/jquery.js?body=1" for 127.0.0.1 at 2014-03-11 18:55:21 -0500


Started GET "/assets/application.js?body=1" for 127.0.0.1 at 2014-03-11 18:55:21 -0500


Started GET "/assets/jquery_ujs.js?body=1" for 127.0.0.1 at 2014-03-11 18:55:21 -0500


Started GET "/admin/posts" for 127.0.0.1 at 2014-03-11 18:56:40 -0500
Processing by Admin::PostsController#index as HTML
  [1m[36m (0.5ms)[0m  [1mSELECT COUNT(*) FROM "posts"[0m
  [1m[35mPost Load (0.3ms)[0m  SELECT "posts".* FROM "posts"
  Rendered admin/posts/index.html.erb within layouts/application (3.5ms)
Completed 200 OK in 9ms (Views: 7.3ms | ActiveRecord: 0.7ms)


Started GET "/assets/application.css?body=1" for 127.0.0.1 at 2014-03-11 18:56:40 -0500


Started GET "/assets/jquery_ujs.js?body=1" for 127.0.0.1 at 2014-03-11 18:56:40 -0500


Started GET "/assets/turbolinks.js?body=1" for 127.0.0.1 at 2014-03-11 18:56:40 -0500


Started GET "/assets/jquery.js?body=1" for 127.0.0.1 at 2014-03-11 18:56:40 -0500


Started GET "/assets/application.js?body=1" for 127.0.0.1 at 2014-03-11 18:56:40 -0500


Started GET "/posts/1" for 127.0.0.1 at 2014-03-11 19:00:15 -0500
Processing by PostsController#show as HTML
  Parameters: {"id"=>"1"}
  [1m[36mPost Load (0.4ms)[0m  [1mSELECT "posts".* FROM "posts" WHERE "posts"."id" = $1 LIMIT 1[0m  [["id", "1"]]
  Rendered posts/show.html.erb within layouts/application (0.1ms)
Completed 200 OK in 4ms (Views: 3.2ms | ActiveRecord: 0.4ms)


Started GET "/" for 127.0.0.1 at 2014-03-11 19:05:45 -0500
Processing by HomeController#index as HTML
  [1m[35m (0.5ms)[0m  SELECT COUNT(count_column) FROM (SELECT 1 AS count_column FROM "posts" LIMIT 5) subquery_for_count
  [1m[36mPost Load (23.3ms)[0m  [1mSELECT "posts".* FROM "posts" ORDER BY created_at DESC LIMIT 5[0m
  Rendered home/index.html.erb within layouts/application (26.1ms)
Completed 200 OK in 31ms (Views: 6.4ms | ActiveRecord: 23.7ms)


Started GET "/assets/application.css?body=1" for 127.0.0.1 at 2014-03-11 19:05:45 -0500


Started GET "/assets/jquery_ujs.js?body=1" for 127.0.0.1 at 2014-03-11 19:05:45 -0500


Started GET "/assets/jquery.js?body=1" for 127.0.0.1 at 2014-03-11 19:05:45 -0500


Started GET "/assets/turbolinks.js?body=1" for 127.0.0.1 at 2014-03-11 19:05:45 -0500


Started GET "/assets/application.js?body=1" for 127.0.0.1 at 2014-03-11 19:05:45 -0500


Started GET "/posts/3" for 127.0.0.1 at 2014-03-11 19:08:11 -0500
Processing by PostsController#show as HTML
  Parameters: {"id"=>"3"}
  [1m[35mPost Load (0.9ms)[0m  SELECT "posts".* FROM "posts" WHERE "posts"."id" = $1 LIMIT 1  [["id", "3"]]
  Rendered posts/show.html.erb within layouts/application (0.5ms)
Completed 200 OK in 8ms (Views: 5.7ms | ActiveRecord: 0.9ms)
